Feb 03 19:53 : update: added /11 Are You Sagittarius (meddled with version).mp3
Feb 03 19:53 : update: added /11 Are You Sagittarius-snippet.mp3
Feb 03 19:53 : update: added /Anacrusis Drum Samples.mp3
Feb 03 19:53 : update: added /ArashiToBeFree.mp3
Feb 03 19:53 : update: added /Are You Sagittarius 1.mp3
Feb 03 19:53 : update: added /Fighting Evil (2009).mp3
Feb 03 19:53 : update: added GarageBand/IT Crowd.band/Media/01 The IT Crowd Theme.aif
Feb 03 19:53 : update: added GarageBand/IT Crowd.band/Output/Output.aif
Feb 03 19:53 : update: added GarageBand/My Song.band/Media/JU_JU Hello_Again mukashikaraarubasho.aif
Feb 03 19:53 : update: added GarageBand/My Song.band/Output/Output.aif
Feb 03 19:53 : update: added iTunes/iTunes Media/Automatically Add to iTunes/Not Added/2010-10-09 23.42.45/mentalhome_04.mp3
Feb 03 19:53 : update: added iTunes/iTunes Media/Automatically Add to iTunes/Not Added/2010-10-09 23.42.45/mentalhome_05.mp3
Feb 03 19:53 : update: added iTunes/iTunes Media/Music/Anacrusis/Reason[Redo]/Afraid_To_Feel_(2009).mp3
Feb 03 19:53 : update: added iTunes/iTunes Media/Music/Anacrusis/Reason[Redo]/Killing_My_Mind_(2009).mp3
Feb 03 19:53 : update: added iTunes/iTunes Media/Music/Anacrusis/Reason[Redo]/Not_Forgotten_(2009).mp3
Feb 03 19:53 : update: added iTunes/iTunes Media/Music/Anacrusis/Reason[Redo]/Stop_Me_(2009).mp3
Feb 03 19:53 : update: added iTunes/iTunes Media/Music/Anacrusis/Reason[Redo]/Terrified_(2009).mp3
Feb 03 19:53 : update: added iTunes/iTunes Media/Music/Anacrusis/Reason[Redo]/Vital_(2009).mp3
Feb 03 19:53 : update: added iTunes/iTunes Media/Music/Anacrusis/Reason[Redo]/Wrong_(2009).mp3
Feb 03 19:53 : update: added iTunes/iTunes Media/Music/Anacrusis/Suffering Hour Revisited (demo)/Fighting Evil (2009).mp3
Feb 03 19:53 : update: added iTunes/iTunes Media/Music/Anacrusis/Unknown Album/Anacrusis Drum Samples.mp3
Feb 03 19:53 : update: added iTunes/iTunes Media/Music/Anacrusis/Unknown Album/Terrified (2009 Demo)-smpl.mp3
Feb 03 19:53 : update: added iTunes/iTunes Media/Music/Anacrusis/Unknown Album/Wrong (2009 Demo)-smpl.mp3
Feb 03 19:53 : update: added iTunes/iTunes Media/Music/Arashi/All the BEST! 1999-2009/01 サクラ咲ケ.mp3
Feb 03 19:53 : update: added iTunes/iTunes Media/Music/Arashi/All the BEST! 1999-2009/03 きっと大丈夫.mp3
Feb 03 19:53 : update: added iTunes/iTunes Media/Music/Arashi/All the BEST! 1999-2009/04 アオゾラペダル.mp3
Feb 03 19:53 : update: added iTunes/iTunes Media/Music/Arashi/All the BEST! 1999-2009/1-01 A・RA・SHI.mp3
Feb 03 19:53 : update: added iTunes/iTunes Media/Music/Arashi/All the BEST! 1999-2009/1-02 SUNRISE日本.mp3
Feb 03 19:53 : update: added iTunes/iTunes Media/Music/Arashi/All the BEST! 1999-2009/1-03 HORIZON.mp3
Feb 03 19:53 : update: added iTunes/iTunes Media/Music/Arashi/All the BEST! 1999-2009/1-04 台風ジェネレーション -Typhoon Generation-.mp3
Feb 03 19:53 : update: added iTunes/iTunes Media/Music/Arashi/All the BEST! 1999-2009/1-05 感謝カンゲキ雨嵐.mp3
Feb 03 19:53 : update: added iTunes/iTunes Media/Music/Arashi/All the BEST! 1999-2009/1-06 君のために僕がいる.mp3
Feb 03 19:53 : update: added iTunes/iTunes Media/Music/Arashi/All the BEST! 1999-2009/1-07 時代.mp3
Feb 03 19:53 : update: added iTunes/iTunes Media/Music/Arashi/All the BEST! 1999-2009/1-08 a Day in Our Life.mp3
Feb 03 19:53 : update: added iTunes/iTunes Media/Music/Arashi/All the BEST! 1999-2009/1-09 ナイスな心意気.mp3
Feb 03 19:53 : update: added iTunes/iTunes Media/Music/Arashi/All the BEST! 1999-2009/1-10 PIKA☆NCHI.mp3
Feb 03 19:53 : update: added iTunes/iTunes Media/Music/Arashi/All the BEST! 1999-2009/1-11 とまどいながら.mp3
Feb 03 19:53 : update: added iTunes/iTunes Media/Music/Arashi/All the BEST! 1999-2009/1-12 ハダシの未来.mp3
Feb 03 19:53 : update: added iTunes/iTunes Media/Music/Arashi/All the BEST! 1999-2009/1-13 言葉より大切なもの.mp3
Feb 03 19:53 : update: added iTunes/iTunes Media/Music/B'z/B'z TV STYLE Ⅱ SONGLESS VERSION Original 15 Karaoke Version/15 いつかのメリークリスマス.mp3
Feb 03 19:53 : update: added iTunes/iTunes Media/Music/Cephalopod Creator Myth/Second Coming/01 Absolutely.mp3
Feb 03 19:53 : update: added iTunes/iTunes Media/Music/Cephalopod Creator Myth/Second Coming/02 End of the Day.mp3
Feb 03 19:53 : update: added iTunes/iTunes Media/Music/Cephalopod Creator Myth/Second Coming/03 Rolling.mp3
Feb 03 19:53 : update: added iTunes/iTunes Media/Music/Cephalopod Creator Myth/Second Coming/04 Soul & Transcendence.mp3
Feb 03 19:53 : update: added iTunes/iTunes Media/Music/Cephalopod Creator Myth/Second Coming/05 Please Tell Me.mp3
Feb 03 19:53 : update: added iTunes/iTunes Media/Music/Cephalopod Creator Myth/Second Coming/06 I'd Die.mp3
Feb 03 19:53 : update: added iTunes/iTunes Media/Music/Cephalopod Creator Myth/Second Coming/07 To Be Light of Heart.mp3
Feb 03 19:53 : update: added iTunes/iTunes Media/Music/Cephalopod Creator Myth/Second Coming/08 init 5.mp3
Feb 03 19:53 : update: added iTunes/iTunes Media/Music/Cephalopod Creator Myth/Second Coming/09 Stop It.mp3
Feb 03 19:53 : update: added iTunes/iTunes Media/Music/Cephalopod Creator Myth/Second Coming/10 Sevenberry.mp3
Feb 03 19:53 : update: added iTunes/iTunes Media/Music/Cephalopod Creator Myth/Second Coming/11 Wires.mp3
Feb 03 19:53 : update: added iTunes/iTunes Media/Music/Cephalopod Creator Myth/Trifecta/11 Are You Sagittarius (meddled with version).mp3
Feb 03 19:53 : update: added iTunes/iTunes Media/Music/Cephalopod Creator Myth/Trifecta/11 Are You Sagittarius - Snippet.mp3
Feb 03 19:53 : update: added iTunes/iTunes Media/Music/Compilations/invitation/01 invitation.mp3
Feb 03 19:53 : update: added iTunes/iTunes Media/Music/Compilations/What a Wonderful World/01 Wonderful Word.m4a
Feb 03 19:53 : update: added iTunes/iTunes Media/Music/Crucible/Souls Worn Thin/01 Empire of Scorn.mp3
Feb 03 19:53 : update: added iTunes/iTunes Media/Music/Crucible/Souls Worn Thin/02 War on Peace.mp3
Feb 03 19:53 : update: added iTunes/iTunes Media/Music/Crucible/Souls Worn Thin/03 Escaping the Grid.mp3
Feb 03 19:53 : update: added iTunes/iTunes Media/Music/Crucible/Souls Worn Thin/04 Souls Worn Thin.mp3
Feb 03 19:53 : update: added iTunes/iTunes Media/Music/Crucible/Souls Worn Thin/05 Sentenced to Death.mp3
Feb 03 19:53 : update: added iTunes/iTunes Media/Music/Crucible/Souls Worn Thin/06 Isolation.mp3
Feb 03 19:53 : update: added iTunes/iTunes Media/Music/Crucible/Souls Worn Thin/07 Get to Even.mp3
Feb 03 19:53 : update: added iTunes/iTunes Media/Music/Crucible/Souls Worn Thin/08 Rule the Deep.mp3
Feb 03 19:53 : update: added iTunes/iTunes Media/Music/Crucible/Souls Worn Thin/09 Less than a Man.mp3
Feb 03 19:53 : update: added iTunes/iTunes Media/Music/Crucible/Souls Worn Thin/10 Gut Wrench.mp3
Feb 03 19:53 : update: added iTunes/iTunes Media/Music/Doom/Complicated Mind/01 Complicated Mind.mp3
Feb 03 19:53 : update: added iTunes/iTunes Media/Music/Doom/Complicated Mind/02 Fall, Rise And....mp3
Feb 03 19:53 : update: added iTunes/iTunes Media/Music/Doom/Complicated Mind/03 The Boys Dog.mp3
Feb 03 19:53 : update: added iTunes/iTunes Media/Music/Doom/Complicated Mind/04 Bright Light.mp3
Feb 03 19:53 : update: added iTunes/iTunes Media/Music/Doom/Complicated Mind/05 Slave Of Heaven.mp3
Feb 03 19:53 : update: added iTunes/iTunes Media/Music/Doom/Complicated Mind/06 Kingdom Of Silkroad.mp3
Feb 03 19:53 : update: added iTunes/iTunes Media/Music/Doom/Complicated Mind/07 Can't Break My Without You.mp3
Feb 03 19:53 : update: added iTunes/iTunes Media/Music/Doom/Complicated Mind/08 Painted Face.mp3
Feb 03 19:53 : update: added iTunes/iTunes Media/Music/Doom/Complicated Mind/09 Poor Boy Condition.mp3
Feb 03 19:53 : update: added iTunes/iTunes Media/Music/Doom/Complicated Mind/10 Nervous Break Down.mp3
Feb 03 19:53 : update: added iTunes/iTunes Media/Music/Evan Howell/Home Studio Attempts/01 Soundtrack Try 1.mp3
Feb 03 19:53 : update: added iTunes/iTunes Media/Music/Evan Howell/Home Studio Attempts/02 Dissonance.mp3
Feb 03 19:53 : update: added iTunes/iTunes Media/Music/Evan Howell/Home Studio Attempts/03 Elpish.mp3
Feb 03 19:53 : update: added iTunes/iTunes Media/Music/Evan Howell/Home Studio Attempts/04 New One.mp3
Feb 03 19:53 : update: added iTunes/iTunes Media/Music/Evan Howell/Home Studio Attempts/05 Bolty.mp3
Feb 03 19:53 : update: added iTunes/iTunes Media/Music/Evan Howell/Home Studio Attempts/06 Meshuggah.mp3
Feb 03 19:53 : update: added iTunes/iTunes Media/Music/Evan Howell/Home Studio Attempts/07 Crackersong.mp3
Feb 03 19:53 : update: added iTunes/iTunes Media/Music/Evan Howell/Home Studio Attempts/07 New Slow.mp3
Feb 03 19:53 : update: added iTunes/iTunes Media/Music/Evan Howell/Home Studio Attempts/08 NIN Mix 1.mp3
Feb 03 19:53 : update: added iTunes/iTunes Media/Music/Evan Howell/Home Studio Attempts/09 Assault on Precinct 13.mp3
Feb 03 19:53 : update: added iTunes/iTunes Media/Music/Evan Howell/Home Studio Attempts/10 Atmosphere.mp3
Feb 03 19:53 : update: added iTunes/iTunes Media/Music/Evan Howell/Unknown Album/01 Erika.mp3
Feb 03 19:53 : update: added iTunes/iTunes Media/Music/Evan Howell/Unknown Album/aom_mas_082202.mp3
Feb 03 19:53 : update: added iTunes/iTunes Media/Music/Evan Howell/Unknown Album/autonomy_mas.mp3
Feb 03 19:53 : update: added iTunes/iTunes Media/Music/Evan Howell/Unknown Album/autonomy_mas_082002.mp3
Feb 03 19:53 : update: added iTunes/iTunes Media/Music/Evan Howell/Unknown Album/dark-heroes.mp3
Feb 03 19:53 : update: added iTunes/iTunes Media/Music/Evan Howell/Unknown Album/elpish.mp3
Feb 03 19:53 : update: added iTunes/iTunes Media/Music/Evan Howell/Unknown Album/mentalhome_08.mp3
Feb 03 19:53 : update: added iTunes/iTunes Media/Music/Evan Howell/Unknown Album/practice_120-140_week1.mp3
Feb 03 19:53 : update: added iTunes/iTunes Media/Music/Evan Howell/Unknown Album/practice_120-140_week1_track2.mp3
Feb 03 19:53 : update: added iTunes/iTunes Media/Music/Evan Howell/Unknown Album/practice_120-140_week1_track3.mp3
Feb 03 19:53 : update: added iTunes/iTunes Media/Music/Evan Howell/Unknown Album/practice_120-140_week1_track4.mp3
Feb 03 19:53 : update: added iTunes/iTunes Media/Music/Evan Howell/Unknown Album/s&t_roughmix_091202.mp3
Feb 03 19:53 : update: added iTunes/iTunes Media/Music/Evan Howell/Unknown Album/sounds_85.mp3
Feb 03 19:53 : update: added iTunes/iTunes Media/Music/Evan Howell/Unknown Album/weezer_ripoff.mp3
Feb 03 19:53 : update: added iTunes/iTunes Media/Music/Evan Howell/Unknown Album/whathaveidone_roughmix_091202.mp3
Feb 03 19:53 : update: added iTunes/iTunes Media/Music/GReeeeN/愛唄/01 愛唄.mp3
Feb 03 19:53 : update: added iTunes/iTunes Media/Music/JapanesePod101.com/Beginner Lesson/131 Ikeman.mp3
Feb 03 19:53 : update: added iTunes/iTunes Media/Music/JapanesePod101.com/Beginner Lesson/187 B3_ Time Capsule 1.mp3
Feb 03 19:53 : update: added iTunes/iTunes Media/Music/JapanesePod101.com/Beginner Lesson/188 B3_ Time Capsule 2.mp3
Feb 03 19:53 : update: added iTunes/iTunes Media/Music/JapanesePod101.com/Beginner Lesson/189 B3_ Time Capsule 3.mp3
Feb 03 19:53 : update: added iTunes/iTunes Media/Music/JapanesePod101.com/Beginner Lesson/190 B3_ Time Capsule 4.mp3
Feb 03 19:53 : update: added iTunes/iTunes Media/Music/JapanesePod101.com/Beginner Lesson/191 B3_ Time Capsule 5.mp3
Feb 03 19:53 : update: added iTunes/iTunes Media/Music/JapanesePod101.com/Beginner Lesson/192 Gomi-san in Mangaland 1.mp3
Feb 03 19:53 : update: added iTunes/iTunes Media/Music/JapanesePod101.com/Beginner Lesson/193 Gomi-san in Mangaland 2.mp3
Feb 03 19:53 : update: added iTunes/iTunes Media/Music/JapanesePod101.com/Beginner Lesson/194 Gomi-san in Mangaland 3.mp3
Feb 03 19:53 : update: added iTunes/iTunes Media/Music/JuJu/Hello Again/Hello Again.mp3
Feb 03 19:53 : update: added iTunes/iTunes Media/Music/JuJu/Wonderful Life/09 キミに会いに行こう.mp3
Feb 03 19:53 : update: added iTunes/iTunes Media/Music/Man Parrish/Man Parrish/02 Beginning.mp3
Feb 03 19:53 : update: added iTunes/iTunes Media/Music/Man Parrish/Man Parrish/03 Man Made.mp3
Feb 03 19:53 : update: added iTunes/iTunes Media/Music/Man Parrish/Man Parrish/04 Together Again.mp3
Feb 03 19:53 : update: added iTunes/iTunes Media/Music/Man Parrish/Man Parrish/05 Hip Hop Be Bop (Original).mp3
Feb 03 19:53 : update: added iTunes/iTunes Media/Music/Man Parrish/Man Parrish/06 Six Simple.mp3
Feb 03 19:53 : update: added iTunes/iTunes Media/Music/Man Parrish/Man Parrish/07 Techno Trax.mp3
Feb 03 19:53 : update: added iTunes/iTunes Media/Music/Man Parrish/Man Parrish/08 Street Clap.mp3
Feb 03 19:53 : update: added iTunes/iTunes Media/Music/Man Parrish/Man Parrish/09 Heatstroke.mp3
Feb 03 19:53 : update: added iTunes/iTunes Media/Music/Man Parrish/Man Parrish/10 Home Boys.mp3
Feb 03 19:53 : update: added iTunes/iTunes Media/Music/Man Parrish/Man Parrish/11 Hip Hop Be Bop (Techno Remix).mp3
Feb 03 19:53 : update: added iTunes/iTunes Media/Music/Megadeth/Countdown To Extinction [Bonus Tracks]/01 Skin O' My Teeth.mp3
Feb 03 19:53 : update: added iTunes/iTunes Media/Music/Megadeth/Countdown To Extinction [Bonus Tracks]/02 Symphony Of Destruction.mp3
Feb 03 19:53 : update: added iTunes/iTunes Media/Music/Megadeth/Countdown To Extinction [Bonus Tracks]/03 Architecture Of Aggression.mp3
Feb 03 19:53 : update: added iTunes/iTunes Media/Music/Megadeth/Countdown To Extinction [Bonus Tracks]/04 Foreclosure Of A Dream.mp3
Feb 03 19:53 : update: added iTunes/iTunes Media/Music/Megadeth/Countdown To Extinction [Bonus Tracks]/05 Sweating Bullets.mp3
Feb 03 19:53 : update: added iTunes/iTunes Media/Music/Mental Home/Black Art/01 Under the Wing (of Gamayun).mp3
Feb 03 19:53 : update: added iTunes/iTunes Media/Music/Mental Home/Black Art/02 The Plague Omen.mp3
Feb 03 19:53 : update: added iTunes/iTunes Media/Music/Mental Home/Black Art/03 Into the Realms of Marena.mp3
Feb 03 19:53 : update: added iTunes/iTunes Media/Music/Mental Home/Black Art/04 Silent Remembrance.mp3
Feb 03 19:53 : update: added iTunes/iTunes Media/Music/Mental Home/Black Art/05 In the Shades of Inspiration.mp3
Feb 03 19:53 : update: added iTunes/iTunes Media/Music/Mental Home/Black Art/06 Pagan Freedom.mp3
Feb 03 19:53 : update: added iTunes/iTunes Media/Music/Mental Home/Black Art/07 Winter Art.mp3
Feb 03 19:53 : update: added iTunes/iTunes Media/Music/Mental Home/Black Art/08 On a Hand of the Universe.mp3
Feb 03 19:53 : update: added iTunes/iTunes Media/Music/Mental Home/Black Art/09 Tides of Time.mp3
Feb 03 19:53 : update: added iTunes/iTunes Media/Music/Meshuggah/Destroy Erase Improve/01 Future Breed Machine.mp3
Feb 03 19:53 : update: added iTunes/iTunes Media/Music/Meshuggah/Destroy Erase Improve/02 Beneath.mp3
Feb 03 19:53 : update: added iTunes/iTunes Media/Music/Meshuggah/Destroy Erase Improve/03 Soul Burn.mp3
Feb 03 19:53 : update: added iTunes/iTunes Media/Music/Meshuggah/Destroy Erase Improve/04 Transfixion.mp3
Feb 03 19:53 : update: added iTunes/iTunes Media/Music/Meshuggah/Destroy Erase Improve/05 Vanished.mp3
Feb 03 19:53 : update: added iTunes/iTunes Media/Music/Meshuggah/Destroy Erase Improve/06 Acrid Placidity.mp3
Feb 03 19:53 : update: added iTunes/iTunes Media/Music/Meshuggah/Destroy Erase Improve/07 Inside What's Within Behind.mp3
Feb 03 19:53 : update: added iTunes/iTunes Media/Music/Meshuggah/Destroy Erase Improve/08 Terminal Illusions.mp3
Feb 03 19:53 : update: added iTunes/iTunes Media/Music/Meshuggah/Destroy Erase Improve/09 Suffer In Truth.mp3
Feb 03 19:53 : update: added iTunes/iTunes Media/Music/Meshuggah/Destroy Erase Improve/10 Sublevels.mp3
Feb 03 19:53 : update: added iTunes/iTunes Media/Music/Michael Jackson/King Of Pop [Disc 1]/1-01 Billie Jean.mp3
Feb 03 19:53 : update: added iTunes/iTunes Media/Music/Michael Jackson/King Of Pop [Disc 1]/1-02 Thriller.mp3
Feb 03 19:53 : update: added iTunes/iTunes Media/Music/Michael Jackson/King Of Pop [Disc 1]/1-03 Beat It.mp3
Feb 03 19:53 : update: added iTunes/iTunes Media/Music/Michael Jackson/King Of Pop [Disc 1]/1-04 Smooth Criminal.mp3
Feb 03 19:53 : update: added iTunes/iTunes Media/Music/Michael Jackson/King Of Pop [Disc 1]/1-05 Dirty Diana.mp3
Feb 03 19:53 : update: added iTunes/iTunes Media/Music/Michael Jackson/King Of Pop [Disc 1]/1-06 Don't Stop 'Til You Get Enough.mp3
Feb 03 19:53 : update: added iTunes/iTunes Media/Music/Michael Jackson/King Of Pop [Disc 1]/1-07 Man In The Mirror.mp3
Feb 03 19:53 : update: added iTunes/iTunes Media/Music/Michael Jackson/King Of Pop [Disc 1]/1-08 They Don't Care About Us.mp3
Feb 03 19:53 : update: added iTunes/iTunes Media/Music/Michael Jackson/King Of Pop [Disc 1]/1-09 Black Or White.mp3
Feb 03 19:53 : update: added iTunes/iTunes Media/Music/Michael Jackson/King Of Pop [Disc 1]/1-11 The Way You Make Me Feel.mp3
Feb 03 19:53 : update: added iTunes/iTunes Media/Music/Michael Jackson/King Of Pop [Disc 1]/1-12 Bad.mp3
Feb 03 19:53 : update: added iTunes/iTunes Media/Music/Michael Jackson/King Of Pop [Disc 1]/1-13 Earth Song.mp3
Feb 03 19:53 : update: added iTunes/iTunes Media/Music/Michael Jackson/King Of Pop [Disc 1]/1-13 Give In To Me.mp3
Feb 03 19:53 : update: added iTunes/iTunes Media/Music/Michael Jackson/King Of Pop [Disc 1]/1-14 Ben.mp3
Feb 03 19:53 : update: added iTunes/iTunes Media/Music/Michael Jackson/King Of Pop [Disc 1]/1-14 Jam.mp3
Feb 03 19:53 : update: added iTunes/iTunes Media/Music/Michael Jackson/King Of Pop [Disc 1]/1-15 Heal The World.mp3
Feb 03 19:53 : update: added iTunes/iTunes Media/Music/Michael Jackson/King Of Pop [Disc 1]/1-17 Rock With You.mp3
Feb 03 19:53 : update: added iTunes/iTunes Media/Music/Mr. Children/Hanabi/01 Hanabi.mp3
Feb 03 19:53 : update: added iTunes/iTunes Media/Music/Mr. Children/Shinkai/04 Arifureta Love Story ~Danjo Mondai wa Itsumo Mendou da~.MP3
Feb 03 19:53 : update: added iTunes/iTunes Media/Music/Obliveon/Nemesis/01 Nemesis.mp3
Feb 03 19:53 : update: added iTunes/iTunes Media/Music/Obliveon/Nemesis/02 The Thinker's Lair.mp3
Feb 03 19:53 : update: added iTunes/iTunes Media/Music/Obliveon/Nemesis/03 Obscure Mindways.mp3
Feb 03 19:53 : update: added iTunes/iTunes Media/Music/Obliveon/Nemesis/04 Dynamo.mp3
Feb 03 19:53 : update: added iTunes/iTunes Media/Music/Obliveon/Nemesis/05 Frosted Avowals.mp3
Feb 03 19:53 : update: added iTunes/iTunes Media/Music/Obliveon/Nemesis/06 Factory Of Delusions.mp3
Feb 03 19:53 : update: added iTunes/iTunes Media/Music/Obliveon/Nemesis/07 Estranging Abduction.mp3
Feb 03 19:53 : update: added iTunes/iTunes Media/Music/Obliveon/Nemesis/08 Strays Of The Soul.mp3
Feb 03 19:53 : update: added iTunes/iTunes Media/Music/ORION/Unknown Album/ORION.mp3
Feb 03 19:53 : update: added iTunes/iTunes Media/Music/REIRA starring YUNA ITO/ENDLESS STORY/01 ENDLESS STORY.mp3
Feb 03 19:53 : update: added iTunes/iTunes Media/Music/SEAMO/Cry Baby/01 Cry Baby.mp3
Feb 03 19:53 : update: added iTunes/iTunes Media/Music/SMAP/lionheart/01 lionheart.mp3
Feb 03 19:53 : update: added iTunes/iTunes Media/Music/SMAP/Sekai ni hitotsu dake no hana/01 Sekai ni hitotsu dake no hana.mp3
Feb 03 19:53 : update: added iTunes/iTunes Media/Music/The IT Crowd/OST/01 The IT Crowd Theme.mp3
Feb 03 19:53 : update: added iTunes/iTunes Media/Music/Utada Hikaru/Prisoner Of Love/01 Prisoner Of Love.mp3
Feb 03 19:53 : update: added iTunes/iTunes Media/Music/∞X∞L∞}∞X∞C∞b∞`/Yuukaze Blend/01 Ai.mp3
Feb 03 19:53 : update: added iTunes/iTunes Media/Music/いきものがかり/桜咲く街物語/01 SAKURA.mp3
Feb 03 19:53 : update: added iTunes/iTunes Media/Music/いきものがかり/桜咲く街物語/03 HANABI.mp3
Feb 03 19:53 : update: added iTunes/iTunes Media/Music/いきものがかり/桜咲く街物語/05 コイスルオトメ.mp3
Feb 03 19:53 : update: added iTunes/iTunes Media/Music/アンジェラ・アキ/サクラ色/01 サクラ色.mp3
Feb 03 19:53 : update: added iTunes/iTunes Media/Music/スピッツ/RECYCLE Greatest Hits of SPITZ/07 チェリー.mp3
Feb 03 19:53 : update: added iTunes/iTunes Media/Music/レミオロメン/HORIZON/11 粉雪.m4a
Feb 03 19:53 : update: added iTunes/iTunes Media/Music/大塚愛/Love Jam/01 Superman.mp3
Feb 03 19:53 : update: added iTunes/iTunes Media/Music/大塚愛/Love Jam/02 Happy Days.mp3
Feb 03 19:53 : update: added iTunes/iTunes Media/Music/大塚愛/Love Jam/03 Strawberry Jam.mp3
Feb 03 19:53 : update: added iTunes/iTunes Media/Music/大塚愛/Love Jam/04 Daisuki Dai Yo.mp3
Feb 03 19:53 : update: added iTunes/iTunes Media/Music/大塚愛/Love Jam/05 Sensu.mp3
Feb 03 19:53 : update: added iTunes/iTunes Media/Music/大塚愛/Love Jam/06 Mousou Chop.mp3
Feb 03 19:53 : update: added iTunes/iTunes Media/Music/大塚愛/Love Jam/07 ポンポン.mp3
Feb 03 19:53 : update: added iTunes/iTunes Media/Music/大塚愛/Love Jam/08 Futatsu Boshi Kinenbi.mp3
Feb 03 19:53 : update: added iTunes/iTunes Media/Music/大塚愛/Love Jam/09 Kingyo Hanabi.mp3
Feb 03 19:53 : update: added iTunes/iTunes Media/Music/大塚愛/Love Jam/10 Kuroge Wagyuu Joushio Tanyaki 735 Yen.mp3
Feb 03 19:53 : update: added iTunes/iTunes Media/Music/大塚愛/Love Jam/11 Friends.mp3
Feb 03 19:53 : update: added iTunes/iTunes Media/Music/大塚愛/Love Punch/01 Pretty Voice.mp3
Feb 03 19:53 : update: added iTunes/iTunes Media/Music/大塚愛/Love Punch/02 Momo No Hanabira.mp3
Feb 03 19:53 : update: added iTunes/iTunes Media/Music/大塚愛/Love Punch/03 Sakurenbo.mp3
Feb 03 19:53 : update: added iTunes/iTunes Media/Music/大塚愛/Love Punch/04 Girly.mp3
Feb 03 19:53 : update: added iTunes/iTunes Media/Music/大塚愛/Love Punch/05 Ame no Naka no Melody.mp3
Feb 03 19:53 : update: added iTunes/iTunes Media/Music/大塚愛/Love Punch/06 Shabon Dama.mp3
Feb 03 19:53 : update: added iTunes/iTunes Media/Music/大塚愛/Love Punch/07 Ishikawa Oosaka Yuukoujyouken.mp3
Feb 03 19:53 : update: added iTunes/iTunes Media/Music/大塚愛/Love Punch/08 Kataomoi Dial.mp3
Feb 03 19:53 : update: added iTunes/iTunes Media/Music/大塚愛/Love Punch/09 Honey.mp3
Feb 03 19:53 : update: added iTunes/iTunes Media/Music/大塚愛/Love Punch/10 Amaenbo 2.mp3
Feb 03 19:53 : update: added iTunes/iTunes Media/Music/大塚愛/Love Punch/10 Amaenbo.mp3
Feb 03 19:53 : update: added iTunes/iTunes Media/Music/大塚愛/Love Punch/11 Always Together 2.mp3
Feb 03 19:53 : update: added iTunes/iTunes Media/Music/大塚愛/Love Punch/11 Always Together.mp3
Feb 03 19:53 : update: added iTunes/iTunes Media/Music/宇多田ヒカル/Beautiful World_Kiss&Cry/01 Beautiful World.mp3
Feb 03 19:53 : update: added iTunes/iTunes Media/Music/宇多田ヒカル/Flavor of Life/01 Flavor Of Life.mp3
Feb 03 19:53 : update: added iTunes/iTunes Media/Music/嵐/One Love/01 One Love.mp3
Feb 03 19:53 : update: added iTunes/iTunes Media/Music/嵐/One Love/02 How to fly 1.mp3
Feb 03 19:53 : update: added iTunes/iTunes Media/Music/嵐/One Love/02 How to fly 2.mp3
Feb 03 19:53 : update: added iTunes/iTunes Media/Music/嵐/One Love/02 How to fly 3.mp3
Feb 03 19:53 : update: added iTunes/iTunes Media/Music/嵐/One Love/02 How to fly 4.mp3
Feb 03 19:53 : update: added iTunes/iTunes Media/Music/嵐/One Love/02 How to fly 5.mp3
Feb 03 19:53 : update: added iTunes/iTunes Media/Music/嵐/One Love/02 How to fly 7.mp3
Feb 03 19:53 : update: added iTunes/iTunes Media/Music/嵐/One Love/02 How to fly.mp3
Feb 03 19:53 : update: added iTunes/iTunes Media/Music/平井堅/gaining through losing/02 KISS OF LIFE.mp3
Feb 03 19:53 : update: added iTunes/iTunes Media/Music/新垣結衣/そら/01 heavenly days.mp3
Feb 03 19:53 : update: added iTunes/iTunes Media/Music/絢香/ayaka's History 2006-2009/01 I believe.mp3
Feb 03 19:53 : update: added iTunes/iTunes Media/Music/絢香/ayaka's History 2006-2009/03 Real voice.mp3
Feb 03 19:53 : update: added iTunes/iTunes Media/Music/絢香/ayaka's History 2006-2009/05 WINDING ROAD.mp3
Feb 03 19:53 : update: added iTunes/iTunes Media/Music/ｼｬﾌﾙ/12月の有線チャート/12 Beautiful days.mp3
Feb 03 19:53 : update: added Logic/EZDrummer Template/Audio Files/Audio 1_01.wav
Feb 03 19:53 : update: added Logic/EZDrummer Template/Audio Files/Audio 1_03.wav
Feb 03 19:53 : update: added Logic/EZDrummer Template/Audio Files/Audio 1_04.wav
Feb 03 19:53 : update: added Logic/EZDrummer Template/Audio Files/bass_01.wav
Feb 03 19:53 : update: added Logic/EZDrummer Template/Audio Files/git 1#01.aif
Feb 03 19:53 : update: added Logic/EZDrummer Template/Audio Files/git 1#02.aif
Feb 03 19:53 : update: added Logic/EZDrummer Template/Audio Files/git 1#03.aif
Feb 03 19:53 : update: added Logic/EZDrummer Template/Audio Files/git 1#04.aif
Feb 03 19:53 : update: added Logic/EZDrummer Template/Audio Files/git 1#05.aif
Feb 03 19:53 : update: added Logic/EZDrummer Template/Audio Files/git 1#06.aif
Feb 03 19:53 : update: added Logic/EZDrummer Template/Audio Files/git 1#07.aif
Feb 03 19:53 : update: added Logic/EZDrummer Template/Audio Files/guitar 2_01.wav
Feb 03 19:53 : update: added Logic/EZDrummer Template/Audio Files/riff 2#01.aif
Feb 03 19:53 : update: added Logic/EZDrummer Template/Audio Files/riff 2#02.aif
Feb 03 19:53 : update: added Logic/New riff/Audio Files/Git 1#01.aif
Feb 03 19:53 : update: added Logic/New riff/Audio Files/New riff_2#01.aif
Feb 03 19:53 : update: added Logic/New riff/Audio Files/New riff_4#01.aif
Feb 03 19:53 : update: added Logic/NewSong1/Audio Files/Git 2#01.aif
Feb 03 19:53 : update: added Logic/NewSong1/Audio Files/Git 2#02.aif
Feb 03 19:53 : update: added Logic/NewSong1/Audio Files/Git 3#01.aif
Feb 03 19:53 : update: added Logic/NewSong1/Audio Files/Git 3#02.aif
Feb 03 19:53 : update: added Logic/NewSong1/Audio Files/NewSong1_1#02.aif
Feb 03 19:53 : update: added Logic/NewSong1/Audio Files/NewSong1_1#03.aif
Feb 03 19:53 : update: added Logic/NewSong1/Audio Files/NewSong1_1#06.aif
Feb 03 19:53 : update: added Logic/NewSong1/Audio Files/NewSong1_1#07.aif
Feb 03 19:53 : update: added Logic/Riffs dminor/Audio Files/git 1#01.aif
Feb 03 19:53 : update: added Logic/Riffs dminor/Audio Files/git 1#02.aif
Feb 03 19:53 : update: added Logic/Riffs dminor/Audio Files/git 1#03.aif
Feb 03 19:53 : update: added Logic/Riffs dminor/Audio Files/git 1#04.aif
Feb 03 19:53 : update: added Logic/Riffs dminor/Audio Files/git 1#05.aif
Feb 03 19:53 : update: added Logic/Riffs dminor/Audio Files/git 1#06.aif
Feb 03 19:53 : update: added Logic/Riffs dminor/Audio Files/git 1#07.aif
Feb 03 19:53 : update: added Logic/Riffs dminor/Audio Files/riff 2#01.aif
Feb 03 19:53 : update: added Logic/Riffs dminor/Audio Files/riff 2#02.aif
Feb 03 19:53 : update: added Logic/TestSong/Audio Files/Git 2#01.aif
Feb 03 19:53 : update: added Logic/TestSong/Audio Files/Git 2#02.aif
Feb 03 19:53 : update: added Logic/TestSong/Audio Files/Git 2#03.aif
Feb 03 19:53 : update: added Logic/TestSong/Audio Files/Git Melody#01.aif
Feb 03 19:53 : update: added Logic/TestSong/Audio Files/Git Melody#02.aif
Feb 03 19:53 : update: added Logic/TestSong/Audio Files/Git Melody#03.aif
Feb 03 19:53 : update: added Logic/TestSong/Audio Files/Git Melody#04.aif
Feb 03 19:53 : update: added Logic/TestSong/Audio Files/Git Melody#05.aif
Feb 03 19:53 : update: added Logic/TestSong/Audio Files/TestSong_1#01.aif
Feb 03 19:53 : update: added Logic/TestSong/Audio Files/TestSong_3#01.aif
Feb 03 19:53 : update: added Logic/TestSong/Audio Files/TestSong_3#02.aif
Feb 03 19:53 : update: added Logic/TestSong/Audio Files/TestSong_3#03.aif
Feb 03 19:53 : update: added Logic/TestSong/Audio Files/TestSong_3#04.aif
Feb 03 19:53 : update: added Logic/TestSong/Audio Files/TestSong_3#06.aif
Feb 03 19:53 : update: added Logic/TestSong/Bounces/TestSong.mp3
Feb 03 19:53 : update: added Logic/TestSong/Bounces/TestSong_newmix.mp3
Feb 03 19:53 : update: added Sounds/mentok.mp3
Feb 03 19:53 : update: added Sounds/wookah.mp3
Feb 03 19:53 : update: added /Terrified (2009 Demo)-smpl.mp3
Feb 03 19:53 : update: added /The IT Crowd - The IT Crowd Theme.mp3
Feb 03 19:53 : update: added /Wrong (2009 Demo)-smpl.mp3
Feb 03 19:53 : update: added XFER/buzzcocks/Buzzcocks-Another Music In A Different Kitchen(Darkside_RG)/01 - Fast Cars.mp3
Feb 03 19:53 : update: added XFER/buzzcocks/Buzzcocks-Another Music In A Different Kitchen(Darkside_RG)/02 - No Reply.mp3
Feb 03 19:53 : update: added XFER/buzzcocks/Buzzcocks-Another Music In A Different Kitchen(Darkside_RG)/03 - You Tear Me Up.mp3
Feb 03 19:53 : update: added XFER/buzzcocks/Buzzcocks-Another Music In A Different Kitchen(Darkside_RG)/04 - Get On Your Own.mp3
Feb 03 19:53 : update: added XFER/buzzcocks/Buzzcocks-Another Music In A Different Kitchen(Darkside_RG)/05 - Love Battery.mp3
Feb 03 19:53 : update: added XFER/buzzcocks/Buzzcocks-Another Music In A Different Kitchen(Darkside_RG)/06 - Sixteen.mp3
Feb 03 19:53 : update: added XFER/buzzcocks/Buzzcocks-Another Music In A Different Kitchen(Darkside_RG)/07 - I Don't Mind.mp3
Feb 03 19:53 : update: added XFER/buzzcocks/Buzzcocks-Another Music In A Different Kitchen(Darkside_RG)/08 - Fiction Romance.mp3
Feb 03 19:53 : update: added XFER/buzzcocks/Buzzcocks-Another Music In A Different Kitchen(Darkside_RG)/09 - Autonomy.mp3
Feb 03 19:53 : update: added XFER/buzzcocks/Buzzcocks-Another Music In A Different Kitchen(Darkside_RG)/10 - I Need.mp3
Feb 03 19:53 : update: added XFER/buzzcocks/Buzzcocks-Another Music In A Different Kitchen(Darkside_RG)/11 - Moving Away From The Pulsebeat.mp3
Feb 03 19:53 : update: added XFER/buzzcocks/Buzzcocks-Another Music In A Different Kitchen(Darkside_RG)/12 - Orgasm Addict.mp3
Feb 03 19:53 : update: added XFER/buzzcocks/Buzzcocks-Another Music In A Different Kitchen(Darkside_RG)/13 - Whatever Happened To... .mp3
Feb 03 19:53 : update: added XFER/buzzcocks/Buzzcocks-Another Music In A Different Kitchen(Darkside_RG)/14 - What Do I Get .mp3
Feb 03 19:53 : update: added XFER/buzzcocks/Buzzcocks-Another Music In A Different Kitchen(Darkside_RG)/15 - Oh Shit.mp3
Feb 03 19:53 : update: added XFER/buzzcocks/The Buzzcocks-Love Bites-Another Music In A Different Kitchen/01 - The Buzzcocks - Fast Cars.mp3
Feb 03 19:53 : update: added XFER/buzzcocks/The Buzzcocks-Love Bites-Another Music In A Different Kitchen/02 - The Buzzcocks - No Reply.mp3
Feb 03 19:53 : update: added XFER/buzzcocks/The Buzzcocks-Love Bites-Another Music In A Different Kitchen/03 - The Buzzcocks - You Tear Me Up.mp3
Feb 03 19:53 : update: added XFER/buzzcocks/The Buzzcocks-Love Bites-Another Music In A Different Kitchen/04 - The Buzzcocks - Get On Our Own.mp3
Feb 03 19:53 : update: added XFER/buzzcocks/The Buzzcocks-Love Bites-Another Music In A Different Kitchen/05 - The Buzzcocks - Love Battery.mp3
Feb 03 19:53 : update: added XFER/buzzcocks/The Buzzcocks-Love Bites-Another Music In A Different Kitchen/06 - The Buzzcocks - Sixteen.mp3
Feb 03 19:53 : update: added XFER/buzzcocks/The Buzzcocks-Love Bites-Another Music In A Different Kitchen/07 - The Buzzcocks - I Don't Mind.mp3
Feb 03 19:53 : update: added XFER/buzzcocks/The Buzzcocks-Love Bites-Another Music In A Different Kitchen/08 - The Buzzcocks - Fiction Romance.mp3
Feb 03 19:53 : update: added XFER/buzzcocks/The Buzzcocks-Love Bites-Another Music In A Different Kitchen/09 - The Buzzcocks - Autonomy.mp3
Feb 03 19:53 : update: added XFER/buzzcocks/The Buzzcocks-Love Bites-Another Music In A Different Kitchen/10 - The Buzzcocks - I Need.mp3
Feb 03 19:53 : update: added XFER/buzzcocks/The Buzzcocks-Love Bites-Another Music In A Different Kitchen/11 - The Buzzcocks - Moving Away From The Pulsebeat.mp3
Feb 03 19:53 : update: added XFER/buzzcocks/The Buzzcocks-Love Bites-Another Music In A Different Kitchen/12 - The Buzzcocks - Real World.mp3
Feb 03 19:53 : update: added XFER/buzzcocks/The Buzzcocks-Love Bites-Another Music In A Different Kitchen/13 - The Buzzcocks - Ever Fallen In Love (With Someone You Shouldn't've)_.mp3
Feb 03 19:53 : update: added XFER/buzzcocks/The Buzzcocks-Love Bites-Another Music In A Different Kitchen/14 - The Buzzcocks - Operator's Manual.mp3
Feb 03 19:53 : update: added XFER/buzzcocks/The Buzzcocks-Love Bites-Another Music In A Different Kitchen/15 - The Buzzcocks - Nostalgia.mp3
Feb 03 19:53 : update: added XFER/buzzcocks/The Buzzcocks-Love Bites-Another Music In A Different Kitchen/16 - The Buzzcocks - Just Lust.mp3
Feb 03 19:53 : update: added XFER/buzzcocks/The Buzzcocks-Love Bites-Another Music In A Different Kitchen/17 - The Buzzcocks - Sixteen Again.mp3
Feb 03 19:53 : update: added XFER/buzzcocks/The Buzzcocks-Love Bites-Another Music In A Different Kitchen/18 - The Buzzcocks - Walking Distance.mp3
Feb 03 19:53 : update: added XFER/buzzcocks/The Buzzcocks-Love Bites-Another Music In A Different Kitchen/19 - The Buzzcocks - Love Is Lies.mp3
Feb 03 19:53 : update: added XFER/buzzcocks/The Buzzcocks-Love Bites-Another Music In A Different Kitchen/20 - The Buzzcocks - Nothing Left.mp3
Feb 03 19:53 : update: added XFER/buzzcocks/The Buzzcocks-Love Bites-Another Music In A Different Kitchen/21 - The Buzzcocks - E.S.P..mp3
Feb 03 19:53 : update: added XFER/buzzcocks/The Buzzcocks-Love Bites-Another Music In A Different Kitchen/22 - The Buzzcocks - Late For The Train.mp3
Feb 03 19:53 : update: added XFER/buzzcocks/The Buzzcocks-Trade Test Transmissions/01 - The Buzzcocks - Do It.mp3
Feb 03 19:53 : update: added XFER/buzzcocks/The Buzzcocks-Trade Test Transmissions/02 - The Buzzcocks - Innocent.mp3
Feb 03 19:53 : update: added XFER/buzzcocks/The Buzzcocks-Trade Test Transmissions/03 - The Buzzcocks - T T T.mp3
Feb 03 19:53 : update: added XFER/buzzcocks/The Buzzcocks-Trade Test Transmissions/04 - The Buzzcocks - Isolation.mp3
Feb 03 19:53 : update: added XFER/buzzcocks/The Buzzcocks-Trade Test Transmissions/05 - The Buzzcocks - Smile.mp3
Feb 03 19:53 : update: added XFER/buzzcocks/The Buzzcocks-Trade Test Transmissions/06 - The Buzzcocks - Last To Know.mp3
Feb 03 19:53 : update: added XFER/buzzcocks/The Buzzcocks-Trade Test Transmissions/07 - The Buzzcocks - When Love Turns Around.mp3
Feb 03 19:53 : update: added XFER/buzzcocks/The Buzzcocks-Trade Test Transmissions/08 - The Buzzcocks - Never Gonna Give It Up.mp3
Feb 03 19:53 : update: added XFER/buzzcocks/The Buzzcocks-Trade Test Transmissions/09 - The Buzzcocks - Energy.mp3
Feb 03 19:53 : update: added XFER/buzzcocks/The Buzzcocks-Trade Test Transmissions/10 - The Buzzcocks - Palm Of Your Hand.mp3
Feb 03 19:53 : update: added XFER/buzzcocks/The Buzzcocks-Trade Test Transmissions/11 - The Buzzcocks - Alive Tonight.mp3
Feb 03 19:53 : update: added XFER/buzzcocks/The Buzzcocks-Trade Test Transmissions/12 - The Buzzcocks - Who'll Help Me Forget_.mp3
Feb 03 19:53 : update: added XFER/buzzcocks/The Buzzcocks-Trade Test Transmissions/13 - The Buzzcocks - Unthinkable.mp3
Feb 03 19:53 : update: added XFER/buzzcocks/The Buzzcocks-Trade Test Transmissions/14 - The Buzzcocks - Crystal Night.mp3
Feb 03 19:53 : update: added XFER/buzzcocks/The Buzzcocks-Trade Test Transmissions/15 - The Buzzcocks - 369.mp3
Feb 03 19:53 : update: added XFER/buzzcocks/The Buzzcocks-Trade Test Transmissions/16 - The Buzzcocks - All Over You.mp3
Feb 03 19:53 : update: added XFER/buzzcocks/The Buzzcocks-Trade Test Transmissions/17 - The Buzzcocks - Inside.mp3
Feb 03 19:53 : update: added XFER/Rachmaninoff/Rachmaninoff - Prelude In C Minor.mp3
Feb 03 19:53 : update: added XFER/Rachmaninoff/Rachmaninoff - Rhapsody on a Theme of Paganini.mp3
Feb 03 19:53 : update: added XFER/Rachmaninoff/Rachmaninoff romance.mp3
Feb 03 19:53 : update: added XFER/Rachmaninoff/Rachmaninov - Prelude.mp2
Feb 03 19:53 : update: added XFER/RAMONES - 28 ALBUMS/Dee Dee Ramone - Greatest & Latest/01 Blitzkrieg Bop.mp3
Feb 03 19:53 : update: added XFER/RAMONES - 28 ALBUMS/Dee Dee Ramone - Greatest & Latest/02 Timebomb.mp3
Feb 03 19:53 : update: added XFER/RAMONES - 28 ALBUMS/Dee Dee Ramone - Greatest & Latest/03 Sheena Is A Punk Rocker.mp3
Feb 03 19:53 : update: added XFER/RAMONES - 28 ALBUMS/Dee Dee Ramone - Greatest & Latest/04 Motorbikin'.mp3
Feb 03 19:53 : update: added XFER/RAMONES - 28 ALBUMS/Dee Dee Ramone - Greatest & Latest/05 I Wanna Be Sedated.mp3
Feb 03 19:53 : update: added XFER/RAMONES - 28 ALBUMS/Dee Dee Ramone - Greatest & Latest/06 Cretin Hop.mp3
Feb 03 19:53 : update: added XFER/RAMONES - 28 ALBUMS/Dee Dee Ramone - Greatest & Latest/07 Teenage Lobotomy.mp3
Feb 03 19:53 : update: added XFER/RAMONES - 28 ALBUMS/Dee Dee Ramone - Greatest & Latest/08 Gimme Gimme Schock Treatment.mp3
Feb 03 19:53 : update: added XFER/RAMONES - 28 ALBUMS/Dee Dee Ramone - Greatest & Latest/09 Shakin All Over.mp3
Feb 03 19:53 : update: added XFER/RAMONES - 28 ALBUMS/Dee Dee Ramone - Greatest & Latest/10 Come On Now.mp3
Feb 03 19:53 : update: added XFER/RAMONES - 28 ALBUMS/Dee Dee Ramone - Greatest & Latest/11 Cathy's Clown.mp3
Feb 03 19:53 : update: added XFER/RAMONES - 28 ALBUMS/Dee Dee Ramone - Greatest & Latest/12 Pinhead.mp3
Feb 03 19:53 : update: added XFER/RAMONES - 28 ALBUMS/Dee Dee Ramone - Greatest & Latest/13 Rockaway Beach.mp3
Feb 03 19:53 : update: added XFER/RAMONES - 28 ALBUMS/Dee Dee Ramone - Greatest & Latest/14 Fix Yourself Up.mp3
Feb 03 19:53 : update: added XFER/RAMONES - 28 ALBUMS/Dee Dee Ramone - Greatest & Latest/15 Sidewalk Surfin.mp3
Feb 03 19:53 : update: added XFER/RAMONES - 28 ALBUMS/Dee Dee Ramone - Greatest & Latest/16 Beat On The Brat.mp3
Feb 03 19:53 : update: added XFER/RAMONES - 28 ALBUMS/Dee Dee Ramone - Greatest & Latest/17 Sidewalk Surfin (Instrumental).mp3
Feb 03 19:53 : update: added XFER/RAMONES - 28 ALBUMS/Dee Dee Ramone - Live at the Spa Club/01  Intro.mp3
Feb 03 19:53 : update: added XFER/RAMONES - 28 ALBUMS/Dee Dee Ramone - Live at the Spa Club/02  I don't wanna go down to the basement.mp3
Feb 03 19:53 : update: added XFER/RAMONES - 28 ALBUMS/Dee Dee Ramone - Live at the Spa Club/03  Loudmouth.mp3
Feb 03 19:53 : update: added XFER/RAMONES - 28 ALBUMS/Dee Dee Ramone - Live at the Spa Club/04  53rd & 3rd.mp3
Feb 03 19:53 : update: added XFER/RAMONES - 28 ALBUMS/Dee Dee Ramone - Live at the Spa Club/05  Beat on the brat.mp3
Feb 03 19:53 : update: added XFER/RAMONES - 28 ALBUMS/Dee Dee Ramone - Live at the Spa Club/06  Mr.Postman.mp3
Feb 03 19:53 : update: added XFER/RAMONES - 28 ALBUMS/Dee Dee Ramone - Live at the Spa Club/07  Born to lose.mp3
Feb 03 19:53 : update: added XFER/RAMONES - 28 ALBUMS/Dee Dee Ramone - Live at the Spa Club/08  Chinese rocks.mp3
Feb 03 19:53 : update: added XFER/RAMONES - 28 ALBUMS/Dee Dee Ramone - Live at the Spa Club/09  I wanna be sedated.mp3
Feb 03 19:53 : update: added XFER/RAMONES - 28 ALBUMS/Dee Dee Ramone - Live at the Spa Club/10  I don't care.mp3
Feb 03 19:53 : update: added XFER/RAMONES - 28 ALBUMS/Dee Dee Ramone - Live at the Spa Club/11  Horror hospital.mp3
Feb 03 19:53 : update: added XFER/RAMONES - 28 ALBUMS/Dee Dee Ramone - Live at the Spa Club/12  Blitzkrieg bop.mp3
Feb 03 19:53 : update: added XFER/RAMONES - 28 ALBUMS/Dee Dee Ramone - Live at the Spa Club/13  Pills.mp3
Feb 03 19:53 : update: added XFER/RAMONES - 28 ALBUMS/Dee Dee Ramone - Live at the Spa Club/14  Locomotion.mp3
Feb 03 19:53 : update: added XFER/RAMONES - 28 ALBUMS/Dee Dee Ramone - Live at the Spa Club/15  Outro.mp3
Feb 03 19:53 : update: added XFER/RAMONES - 28 ALBUMS/Joey Ramone - Don't Worry About Me/01 What A Wonderful World.mp3
Feb 03 19:53 : update: added XFER/RAMONES - 28 ALBUMS/Joey Ramone - Don't Worry About Me/02 Stop Thinking About It.mp3
Feb 03 19:53 : update: added XFER/RAMONES - 28 ALBUMS/Joey Ramone - Don't Worry About Me/03 Mr. Punchy.mp3
Feb 03 19:53 : update: added XFER/RAMONES - 28 ALBUMS/Joey Ramone - Don't Worry About Me/04 Maria Bartimoro.mp3
Feb 03 19:53 : update: added XFER/RAMONES - 28 ALBUMS/Joey Ramone - Don't Worry About Me/05 Spirit In My House.mp3
Feb 03 19:53 : update: added XFER/RAMONES - 28 ALBUMS/Joey Ramone - Don't Worry About Me/06 Venting (It's A Different World Today).mp3
Feb 03 19:53 : update: added XFER/RAMONES - 28 ALBUMS/Joey Ramone - Don't Worry About Me/07 Like A Drug I Never Did Before.mp3
Feb 03 19:53 : update: added XFER/RAMONES - 28 ALBUMS/Joey Ramone - Don't Worry About Me/08 Searching For Something.mp3
Feb 03 19:53 : update: added XFER/RAMONES - 28 ALBUMS/Joey Ramone - Don't Worry About Me/09 I Got Knocked Down (But I'll Get Up).mp3
Feb 03 19:53 : update: added XFER/RAMONES - 28 ALBUMS/Joey Ramone - Don't Worry About Me/10 1969.mp3
Feb 03 19:53 : update: added XFER/RAMONES - 28 ALBUMS/Joey Ramone - Don't Worry About Me/11 Don't Worry About Me.mp3
Feb 03 19:53 : update: added XFER/RAMONES - 28 ALBUMS/Ramones - Acid Eaters/01 Journey To The Center Of The Mind.mp3
Feb 03 19:53 : update: added XFER/RAMONES - 28 ALBUMS/Ramones - Acid Eaters/02 Substitute.mp3
Feb 03 19:53 : update: added XFER/RAMONES - 28 ALBUMS/Ramones - Acid Eaters/03 Out Of Time.mp3
Feb 03 19:53 : update: added XFER/RAMONES - 28 ALBUMS/Ramones - Acid Eaters/04 The Shape Of Things To Come.mp3
Feb 03 19:53 : update: added XFER/RAMONES - 28 ALBUMS/Ramones - Acid Eaters/05 Somebody To Love.mp3
Feb 03 19:53 : update: added XFER/RAMONES - 28 ALBUMS/Ramones - Acid Eaters/06 When I Was Young.mp3
Feb 03 19:53 : update: added XFER/RAMONES - 28 ALBUMS/Ramones - Acid Eaters/07 7 And 7 Is.mp3
Feb 03 19:53 : update: added XFER/RAMONES - 28 ALBUMS/Ramones - Acid Eaters/08 My Back Pages.mp3
Feb 03 19:53 : update: added XFER/RAMONES - 28 ALBUMS/Ramones - Acid Eaters/09 Can't Seem To Make You Mine.mp3
Feb 03 19:53 : update: added XFER/RAMONES - 28 ALBUMS/Ramones - Acid Eaters/10 Have You Ever Seen The Rain.mp3
Feb 03 19:53 : update: added XFER/RAMONES - 28 ALBUMS/Ramones - Acid Eaters/11 I Can't Control Myself.mp3
Feb 03 19:53 : update: added XFER/RAMONES - 28 ALBUMS/Ramones - Acid Eaters/12 Surf City.mp3
Feb 03 19:53 : update: added XFER/RAMONES - 28 ALBUMS/Ramones - Adios Amigos!/01 I Don't Want To Grow Up.mp3
Feb 03 19:53 : update: added XFER/RAMONES - 28 ALBUMS/Ramones - Adios Amigos!/02 Makin Monsters For My Friends.mp3
Feb 03 19:53 : update: added XFER/RAMONES - 28 ALBUMS/Ramones - Adios Amigos!/03 It's Not For Me To Know.mp3
Feb 03 19:53 : update: added XFER/RAMONES - 28 ALBUMS/Ramones - Adios Amigos!/04 The Crusher.mp3
Feb 03 19:53 : update: added XFER/RAMONES - 28 ALBUMS/Ramones - Adios Amigos!/05 Life's A Gas.mp3
Feb 03 19:53 : update: added XFER/RAMONES - 28 ALBUMS/Ramones - Adios Amigos!/06 Take The Pain Away.mp3
Feb 03 19:53 : update: added XFER/RAMONES - 28 ALBUMS/Ramones - Adios Amigos!/07 I Love You.mp3
Feb 03 19:53 : update: added XFER/RAMONES - 28 ALBUMS/Ramones - Adios Amigos!/08 Cretin Family.mp3
Feb 03 19:53 : update: added XFER/RAMONES - 28 ALBUMS/Ramones - Adios Amigos!/09 Have A Nice Day.mp3
Feb 03 19:53 : update: added XFER/RAMONES - 28 ALBUMS/Ramones - Adios Amigos!/10 Scattergun.mp3
Feb 03 19:53 : update: added XFER/RAMONES - 28 ALBUMS/Ramones - Adios Amigos!/11 Got Alot To Say.mp3
Feb 03 19:53 : update: added XFER/RAMONES - 28 ALBUMS/Ramones - Adios Amigos!/12 She Talks To Rainbows.mp3
Feb 03 19:53 : update: added XFER/RAMONES - 28 ALBUMS/Ramones - Adios Amigos!/13 Born To Die In Berlin.mp3
Feb 03 19:53 : update: added XFER/RAMONES - 28 ALBUMS/Ramones - Animal Boy/01-Somebody Put Something In My Drink.mp3
Feb 03 19:53 : update: added XFER/RAMONES - 28 ALBUMS/Ramones - Animal Boy/02-Animal Boy.mp3
Feb 03 19:53 : update: added XFER/RAMONES - 28 ALBUMS/Ramones - Animal Boy/03-Love Kills.mp3
Feb 03 19:53 : update: added XFER/RAMONES - 28 ALBUMS/Ramones - Animal Boy/04-Apeman Hop.mp3
Feb 03 19:53 : update: added XFER/RAMONES - 28 ALBUMS/Ramones - Animal Boy/05-She Belongs To Me.mp3
Feb 03 19:53 : update: added XFER/RAMONES - 28 ALBUMS/Ramones - Animal Boy/06-Crummy Stuff.mp3
Feb 03 19:53 : update: added XFER/RAMONES - 28 ALBUMS/Ramones - Animal Boy/07-My Brain Is Hanging Upside Down (Bonzo Goes To Bitburg).mp3
Feb 03 19:53 : update: added XFER/RAMONES - 28 ALBUMS/Ramones - Animal Boy/08-Mental Hell.mp3
Feb 03 19:53 : update: added XFER/RAMONES - 28 ALBUMS/Ramones - Animal Boy/09-Eat That Rat.mp3
Feb 03 19:53 : update: added XFER/RAMONES - 28 ALBUMS/Ramones - Animal Boy/10-Freak Of Nature.mp3
Feb 03 19:53 : update: added XFER/RAMONES - 28 ALBUMS/Ramones - Animal Boy/11-Hair Of The Dog.mp3
Feb 03 19:53 : update: added XFER/RAMONES - 28 ALBUMS/Ramones - Animal Boy/12-Something To Believe In.mp3
Feb 03 19:53 : update: added XFER/RAMONES - 28 ALBUMS/Ramones - Birthday Bash (Live - Whiskey A Go Go 1977)/01-Track-01.mp3
Feb 03 19:53 : update: added XFER/RAMONES - 28 ALBUMS/Ramones - Birthday Bash (Live - Whiskey A Go Go 1977)/02-Track-02.mp3
Feb 03 19:53 : update: added XFER/RAMONES - 28 ALBUMS/Ramones - Birthday Bash (Live - Whiskey A Go Go 1977)/03-Track-03.mp3
Feb 03 19:53 : update: added XFER/RAMONES - 28 ALBUMS/Ramones - Birthday Bash (Live - Whiskey A Go Go 1977)/04-Track-04.mp3
Feb 03 19:53 : update: added XFER/RAMONES - 28 ALBUMS/Ramones - Birthday Bash (Live - Whiskey A Go Go 1977)/05-Track-05.mp3
Feb 03 19:53 : update: added XFER/RAMONES - 28 ALBUMS/Ramones - Birthday Bash (Live - Whiskey A Go Go 1977)/06-Track-06.mp3
Feb 03 19:53 : update: added XFER/RAMONES - 28 ALBUMS/Ramones - Birthday Bash (Live - Whiskey A Go Go 1977)/07-Track-07.mp3
Feb 03 19:53 : update: added XFER/RAMONES - 28 ALBUMS/Ramones - Birthday Bash (Live - Whiskey A Go Go 1977)/08-Track-08.mp3
Feb 03 19:53 : update: added XFER/RAMONES - 28 ALBUMS/Ramones - Birthday Bash (Live - Whiskey A Go Go 1977)/09-Track-09.mp3
Feb 03 19:53 : update: added XFER/RAMONES - 28 ALBUMS/Ramones - Birthday Bash (Live - Whiskey A Go Go 1977)/10-Track-10.mp3
Feb 03 19:53 : update: added XFER/RAMONES - 28 ALBUMS/Ramones - Birthday Bash (Live - Whiskey A Go Go 1977)/11-Track-11.mp3
Feb 03 19:53 : update: added XFER/RAMONES - 28 ALBUMS/Ramones - Birthday Bash (Live - Whiskey A Go Go 1977)/12-Track-12.mp3
Feb 03 19:53 : update: added XFER/RAMONES - 28 ALBUMS/Ramones - Birthday Bash (Live - Whiskey A Go Go 1977)/13-Track-13.mp3
Feb 03 19:53 : update: added XFER/RAMONES - 28 ALBUMS/Ramones - Birthday Bash (Live - Whiskey A Go Go 1977)/14-Track-14.mp3
Feb 03 19:53 : update: added XFER/RAMONES - 28 ALBUMS/Ramones - Birthday Bash (Live - Whiskey A Go Go 1977)/15-Track-15.mp3
Feb 03 19:53 : update: added XFER/RAMONES - 28 ALBUMS/Ramones - Birthday Bash (Live - Whiskey A Go Go 1977)/16-Track-16.mp3
Feb 03 19:53 : update: added XFER/RAMONES - 28 ALBUMS/Ramones - Birthday Bash (Live - Whiskey A Go Go 1977)/17-Track-17.mp3
Feb 03 19:53 : update: added XFER/RAMONES - 28 ALBUMS/Ramones - Brain Drain/01 I Believe In Miracles.mp3
Feb 03 19:53 : update: added XFER/RAMONES - 28 ALBUMS/Ramones - Brain Drain/02 Zero Zero UFO.mp3
Feb 03 19:53 : update: added XFER/RAMONES - 28 ALBUMS/Ramones - Brain Drain/03 Don't Bust My Chops.mp3
Feb 03 19:53 : update: added XFER/RAMONES - 28 ALBUMS/Ramones - Brain Drain/04 Punishment Fits The Crime.mp3
Feb 03 19:53 : update: added XFER/RAMONES - 28 ALBUMS/Ramones - Brain Drain/05 All Screwed Up.mp3
Feb 03 19:53 : update: added XFER/RAMONES - 28 ALBUMS/Ramones - Brain Drain/06 Palisades Park.mp3
Feb 03 19:53 : update: added XFER/RAMONES - 28 ALBUMS/Ramones - Brain Drain/07 Pet Sematary.mp3
Feb 03 19:53 : update: added XFER/RAMONES - 28 ALBUMS/Ramones - Brain Drain/08 Learn To Listen.mp3
Feb 03 19:53 : update: added XFER/RAMONES - 28 ALBUMS/Ramones - Brain Drain/09 Can't Get You Outta My Mind.mp3
Feb 03 19:53 : update: added XFER/RAMONES - 28 ALBUMS/Ramones - Brain Drain/10 Ignorance Is Bliss.mp3
Feb 03 19:53 : update: added XFER/RAMONES - 28 ALBUMS/Ramones - Brain Drain/11 Come Back, Baby.mp3
Feb 03 19:53 : update: added XFER/RAMONES - 28 ALBUMS/Ramones - Brain Drain/11 Merry Christmas (I Don't Want To Fight Tonight).mp3
Feb 03 19:53 : update: added XFER/RAMONES - 28 ALBUMS/Ramones - End Of The Century/01 Do You Remember Rock 'N' Roll Radio_.mp3
Feb 03 19:53 : update: added XFER/RAMONES - 28 ALBUMS/Ramones - End Of The Century/02 I'm Affected.mp3
Feb 03 19:53 : update: added XFER/RAMONES - 28 ALBUMS/Ramones - End Of The Century/03 Danny Says.mp3
Feb 03 19:53 : update: added XFER/RAMONES - 28 ALBUMS/Ramones - End Of The Century/04 Chinese Rock.mp3
Feb 03 19:53 : update: added XFER/RAMONES - 28 ALBUMS/Ramones - End Of The Century/05 The Return Of Jackie And Judy.mp3
Feb 03 19:53 : update: added XFER/RAMONES - 28 ALBUMS/Ramones - End Of The Century/06 Let's Go.mp3
Feb 03 19:53 : update: added XFER/RAMONES - 28 ALBUMS/Ramones - End Of The Century/07 Baby, I Love You.mp3
Feb 03 19:53 : update: added XFER/RAMONES - 28 ALBUMS/Ramones - End Of The Century/08 I Can't Make It On Time.mp3
Feb 03 19:53 : update: added XFER/RAMONES - 28 ALBUMS/Ramones - End Of The Century/09 This Ain't Havana.mp3
Feb 03 19:53 : update: added XFER/RAMONES - 28 ALBUMS/Ramones - End Of The Century/10 Rock 'n' Roll High School.mp3
Feb 03 19:53 : update: added XFER/RAMONES - 28 ALBUMS/Ramones - End Of The Century/11 All The Way.mp3
Feb 03 19:53 : update: added XFER/RAMONES - 28 ALBUMS/Ramones - End Of The Century/12 High Risk Insurance.mp3
Feb 03 19:53 : update: added XFER/RAMONES - 28 ALBUMS/Ramones - Halfway To Sanity/01 I Wanna Live.mp3
Feb 03 19:53 : update: added XFER/RAMONES - 28 ALBUMS/Ramones - Halfway To Sanity/02 Bop 'Til You Drop.mp3
Feb 03 19:53 : update: added XFER/RAMONES - 28 ALBUMS/Ramones - Halfway To Sanity/03 Garden Of Serenity.mp3
Feb 03 19:53 : update: added XFER/RAMONES - 28 ALBUMS/Ramones - Halfway To Sanity/04 Weasel Face.mp3
Feb 03 19:53 : update: added XFER/RAMONES - 28 ALBUMS/Ramones - Halfway To Sanity/05 Go Lil' Camaro Go.mp3
Feb 03 19:53 : update: added XFER/RAMONES - 28 ALBUMS/Ramones - Halfway To Sanity/06 I Know Better Now.mp3
Feb 03 19:53 : update: added XFER/RAMONES - 28 ALBUMS/Ramones - Halfway To Sanity/07 Death Of Me.mp3
Feb 03 19:53 : update: added XFER/RAMONES - 28 ALBUMS/Ramones - Halfway To Sanity/08 I Lost My Mind.mp3
Feb 03 19:53 : update: added XFER/RAMONES - 28 ALBUMS/Ramones - Halfway To Sanity/09 A Real Cool Time.mp3
Feb 03 19:53 : update: added XFER/RAMONES - 28 ALBUMS/Ramones - Halfway To Sanity/10 I'm Not Jesus.mp3
Feb 03 19:53 : update: added XFER/RAMONES - 28 ALBUMS/Ramones - Halfway To Sanity/11 Bye Bye Baby.mp3
Feb 03 19:53 : update: added XFER/RAMONES - 28 ALBUMS/Ramones - Halfway To Sanity/12 Worm Man.mp3
Feb 03 19:53 : update: added XFER/RAMONES - 28 ALBUMS/Ramones - It's alive/01 Rockaway Beach.mp3
Feb 03 19:53 : update: added XFER/RAMONES - 28 ALBUMS/Ramones - It's alive/02 Teenage Lobotomy.mp3
Feb 03 19:53 : update: added XFER/RAMONES - 28 ALBUMS/Ramones - It's alive/03 Blitzkrieg Bop.mp3
Feb 03 19:53 : update: added XFER/RAMONES - 28 ALBUMS/Ramones - It's alive/04 I Wanna Be Well.mp3
Feb 03 19:53 : update: added XFER/RAMONES - 28 ALBUMS/Ramones - It's alive/05 Glad To See You Go.mp3
Feb 03 19:53 : update: added XFER/RAMONES - 28 ALBUMS/Ramones - It's alive/06 Gimme Gimme Shock Treatment.mp3
Feb 03 19:53 : update: added XFER/RAMONES - 28 ALBUMS/Ramones - It's alive/07 You're Gonna Kill That Girl.mp3
Feb 03 19:53 : update: added XFER/RAMONES - 28 ALBUMS/Ramones - It's alive/08 I Don't Care.mp3
Feb 03 19:53 : update: added XFER/RAMONES - 28 ALBUMS/Ramones - It's alive/09 Sheena Is A Punk Rocker.mp3
Feb 03 19:53 : update: added XFER/RAMONES - 28 ALBUMS/Ramones - It's alive/10 Havana Affair.mp3
Feb 03 19:53 : update: added XFER/RAMONES - 28 ALBUMS/Ramones - It's alive/11 Commando.mp3
Feb 03 19:53 : update: added XFER/RAMONES - 28 ALBUMS/Ramones - It's alive/12 Here Today, Gone Tomorrow.mp3
Feb 03 19:53 : update: added XFER/RAMONES - 28 ALBUMS/Ramones - It's alive/13 Surfin' Bird.mp3
Feb 03 19:53 : update: added XFER/RAMONES - 28 ALBUMS/Ramones - It's alive/14 Cretin Hop.mp3
Feb 03 19:53 : update: added XFER/RAMONES - 28 ALBUMS/Ramones - It's alive/15 Listen To My Heart.mp3
Feb 03 19:53 : update: added XFER/RAMONES - 28 ALBUMS/Ramones - It's alive/16 California Sun.mp3
Feb 03 19:53 : update: added XFER/RAMONES - 28 ALBUMS/Ramones - It's alive/17 I Don't Wanna Walk Around With You.mp3
Feb 03 19:53 : update: added XFER/RAMONES - 28 ALBUMS/Ramones - It's alive/18 Pinhead.mp3
Feb 03 19:53 : update: added XFER/RAMONES - 28 ALBUMS/Ramones - It's alive/19 Do You Wanna Dance_.mp3
Feb 03 19:53 : update: added XFER/RAMONES - 28 ALBUMS/Ramones - It's alive/20 Chainsaw.mp3
Feb 03 19:53 : update: added XFER/RAMONES - 28 ALBUMS/Ramones - It's alive/21 Today Your Love, Tomorrow The World.mp3
Feb 03 19:53 : update: added XFER/RAMONES - 28 ALBUMS/Ramones - It's alive/22 I Wanna Be A Good Boy.mp3
Feb 03 19:53 : update: added XFER/RAMONES - 28 ALBUMS/Ramones - It's alive/23 Judy Is A Punk.mp3
Feb 03 19:53 : update: added XFER/RAMONES - 28 ALBUMS/Ramones - It's alive/24 Suzy Is A Headbanger.mp3
Feb 03 19:53 : update: added XFER/RAMONES - 28 ALBUMS/Ramones - It's alive/25 Let's Dance.mp3
Feb 03 19:53 : update: added XFER/RAMONES - 28 ALBUMS/Ramones - It's alive/26 Oh Oh I Love Her So.mp3
Feb 03 19:53 : update: added XFER/RAMONES - 28 ALBUMS/Ramones - It's alive/27 Now I Wanna Sniff Some Glue.mp3
Feb 03 19:53 : update: added XFER/RAMONES - 28 ALBUMS/Ramones - It's alive/28 We're A Happy Family.mp3
Feb 03 19:53 : update: added XFER/RAMONES - 28 ALBUMS/Ramones - Leave home/01 Glad To See You Go.mp3
Feb 03 19:53 : update: added XFER/RAMONES - 28 ALBUMS/Ramones - Leave home/02 Gimme Gimme Shock Treatment.mp3
Feb 03 19:53 : update: added XFER/RAMONES - 28 ALBUMS/Ramones - Leave home/03 I Remember You.mp3
Feb 03 19:53 : update: added XFER/RAMONES - 28 ALBUMS/Ramones - Leave home/04 Oh Oh I Love Her So.mp3
Feb 03 19:53 : update: added XFER/RAMONES - 28 ALBUMS/Ramones - Leave home/05 Sheena Is A Punk Rocker.mp3
Feb 03 19:53 : update: added XFER/RAMONES - 28 ALBUMS/Ramones - Leave home/06 Suzy Is A Headbanger.mp3
Feb 03 19:53 : update: added XFER/RAMONES - 28 ALBUMS/Ramones - Leave home/07 Pinhead.mp3
Feb 03 19:53 : update: added XFER/RAMONES - 28 ALBUMS/Ramones - Leave home/08 Now I Wanna Be A Good Boy.mp3
Feb 03 19:53 : update: added XFER/RAMONES - 28 ALBUMS/Ramones - Leave home/09 Swallow My Pride.mp3
Feb 03 19:53 : update: added XFER/RAMONES - 28 ALBUMS/Ramones - Leave home/10 What's Your Game.mp3
Feb 03 19:53 : update: added XFER/RAMONES - 28 ALBUMS/Ramones - Leave home/11 California Sun (BMI).mp3
Feb 03 19:53 : update: added XFER/RAMONES - 28 ALBUMS/Ramones - Leave home/12 Commando.mp3
Feb 03 19:53 : update: added XFER/RAMONES - 28 ALBUMS/Ramones - Leave home/13 You're Gonna Kill That Girl.mp3
Feb 03 19:53 : update: added XFER/RAMONES - 28 ALBUMS/Ramones - Leave home/14 You Should Have Never Opened That Door.mp3
Feb 03 19:53 : update: added XFER/RAMONES - 28 ALBUMS/Ramones - Loco Live/01 The Good, The Bad, The Ugly.mp3
Feb 03 19:53 : update: added XFER/RAMONES - 28 ALBUMS/Ramones - Loco Live/02 Durango 95.mp3
Feb 03 19:53 : update: added XFER/RAMONES - 28 ALBUMS/Ramones - Loco Live/03 Teenage Lobotomy.mp3
Feb 03 19:53 : update: added XFER/RAMONES - 28 ALBUMS/Ramones - Loco Live/04 Psycho Therapy.mp3
Feb 03 19:53 : update: added XFER/RAMONES - 28 ALBUMS/Ramones - Loco Live/05 Blitzkrieg Bop.mp3
Feb 03 19:53 : update: added XFER/RAMONES - 28 ALBUMS/Ramones - Loco Live/06 Rock And Roll Radio.mp3
Feb 03 19:53 : update: added XFER/RAMONES - 28 ALBUMS/Ramones - Loco Live/07 I Believe In Miracles.mp3
Feb 03 19:53 : update: added XFER/RAMONES - 28 ALBUMS/Ramones - Loco Live/08 Gimme Gimme Shock Treatment.mp3
Feb 03 19:53 : update: added XFER/RAMONES - 28 ALBUMS/Ramones - Loco Live/09 Rock And Roll High School.mp3
Feb 03 19:53 : update: added XFER/RAMONES - 28 ALBUMS/Ramones - Loco Live/10 I Wanna Be Sedated.mp3
Feb 03 19:53 : update: added XFER/RAMONES - 28 ALBUMS/Ramones - Loco Live/11 The K.K.K. Took My Baby Away.mp3
Feb 03 19:53 : update: added XFER/RAMONES - 28 ALBUMS/Ramones - Loco Live/12 I Wanna Live.mp3
Feb 03 19:53 : update: added XFER/RAMONES - 28 ALBUMS/Ramones - Loco Live/13 Bonzo Goes To Bitberg.mp3
Feb 03 19:53 : update: added XFER/RAMONES - 28 ALBUMS/Ramones - Loco Live/14 Too Tough To Die.mp3
Feb 03 19:53 : update: added XFER/RAMONES - 28 ALBUMS/Ramones - Loco Live/15 Sheena Is A Punk Rocker.mp3
Feb 03 19:53 : update: added XFER/RAMONES - 28 ALBUMS/Ramones - Loco Live/16 Rockaway Beach.mp3
Feb 03 19:53 : update: added XFER/RAMONES - 28 ALBUMS/Ramones - Loco Live/17 Pet Semetary.mp3
Feb 03 19:53 : update: added XFER/RAMONES - 28 ALBUMS/Ramones - Loco Live/18 Don't Bust My Chops.mp3
Feb 03 19:53 : update: added XFER/RAMONES - 28 ALBUMS/Ramones - Loco Live/19 Palisades Park.mp3
Feb 03 19:53 : update: added XFER/RAMONES - 28 ALBUMS/Ramones - Loco Live/20 Mama's Boy.mp3
Feb 03 19:53 : update: added XFER/RAMONES - 28 ALBUMS/Ramones - Loco Live/21 Animal Boy.mp3
Feb 03 19:53 : update: added XFER/RAMONES - 28 ALBUMS/Ramones - Loco Live/22 Wart Hog.mp3
Feb 03 19:53 : update: added XFER/RAMONES - 28 ALBUMS/Ramones - Loco Live/23 Surfin' Bird.mp3
Feb 03 19:53 : update: added XFER/RAMONES - 28 ALBUMS/Ramones - Loco Live/24 Cretin Hop.mp3
Feb 03 19:53 : update: added XFER/RAMONES - 28 ALBUMS/Ramones - Loco Live/25 I Don't Wanna Walk Around With You.mp3
Feb 03 19:53 : update: added XFER/RAMONES - 28 ALBUMS/Ramones - Loco Live/26 Today Your Love, Tomorrow The World.mp3
Feb 03 19:53 : update: added XFER/RAMONES - 28 ALBUMS/Ramones - Loco Live/27 Pinhead.mp3
Feb 03 19:53 : update: added XFER/RAMONES - 28 ALBUMS/Ramones - Loco Live/28 Somebody Put Something In My Drink.mp3
Feb 03 19:53 : update: added XFER/RAMONES - 28 ALBUMS/Ramones - Loco Live/29 Beat On The Brat.mp3
Feb 03 19:53 : update: added XFER/RAMONES - 28 ALBUMS/Ramones - Loco Live/30 Judy Is A Punk.mp3
Feb 03 19:53 : update: added XFER/RAMONES - 28 ALBUMS/Ramones - Loco Live/31 Chinese Rocks.mp3
Feb 03 19:53 : update: added XFER/RAMONES - 28 ALBUMS/Ramones - Loco Live/32 Love Kills.mp3
Feb 03 19:53 : update: added XFER/RAMONES - 28 ALBUMS/Ramones - Loco Live/33 Ignorance Is Bliss.mp3
Feb 03 19:53 : update: added XFER/RAMONES - 28 ALBUMS/Ramones - Mondo Bizarro/01 Censorshit.mp3
Feb 03 19:53 : update: added XFER/RAMONES - 28 ALBUMS/Ramones - Mondo Bizarro/02 The Job That Ate My Brain.mp3
Feb 03 19:53 : update: added XFER/RAMONES - 28 ALBUMS/Ramones - Mondo Bizarro/03 Poison Heart.mp3
Feb 03 19:53 : update: added XFER/RAMONES - 28 ALBUMS/Ramones - Mondo Bizarro/04 Anxiety.mp3
Feb 03 19:53 : update: added XFER/RAMONES - 28 ALBUMS/Ramones - Mondo Bizarro/05 Strength To Endure.mp3
Feb 03 19:53 : update: added XFER/RAMONES - 28 ALBUMS/Ramones - Mondo Bizarro/06 It's Gonna Be Alright.mp3
Feb 03 19:53 : update: added XFER/RAMONES - 28 ALBUMS/Ramones - Mondo Bizarro/07 Take It As It Comes.mp3
Feb 03 19:53 : update: added XFER/RAMONES - 28 ALBUMS/Ramones - Mondo Bizarro/08 Main Man.mp3
Feb 03 19:53 : update: added XFER/RAMONES - 28 ALBUMS/Ramones - Mondo Bizarro/09 Tomorrow She Goes Away.mp3
Feb 03 19:53 : update: added XFER/RAMONES - 28 ALBUMS/Ramones - Mondo Bizarro/10 I Won't Let It Happen.mp3
Feb 03 19:53 : update: added XFER/RAMONES - 28 ALBUMS/Ramones - Mondo Bizarro/11 Cabbies On Crack.mp3
Feb 03 19:53 : update: added XFER/RAMONES - 28 ALBUMS/Ramones - Mondo Bizarro/12 Heidi Is A Headcase.mp3
Feb 03 19:53 : update: added XFER/RAMONES - 28 ALBUMS/Ramones - Mondo Bizarro/13 Touring.mp3
Feb 03 19:53 : update: added XFER/RAMONES - 28 ALBUMS/Ramones - Pleasant Dreams/01 We Want The Airwawes.mp3
Feb 03 19:53 : update: added XFER/RAMONES - 28 ALBUMS/Ramones - Pleasant Dreams/02 All's Quiet On The Eastern Front.mp3
Feb 03 19:53 : update: added XFER/RAMONES - 28 ALBUMS/Ramones - Pleasant Dreams/03 The K.K.K. Took My Baby Away.mp3
Feb 03 19:53 : update: added XFER/RAMONES - 28 ALBUMS/Ramones - Pleasant Dreams/04 Don't Go.mp3
Feb 03 19:53 : update: added XFER/RAMONES - 28 ALBUMS/Ramones - Pleasant Dreams/05 You Sound Like You're Sick.mp3
Feb 03 19:53 : update: added XFER/RAMONES - 28 ALBUMS/Ramones - Pleasant Dreams/06 It's Not My Place (In The 9 To 5 World).mp3
Feb 03 19:53 : update: added XFER/RAMONES - 28 ALBUMS/Ramones - Pleasant Dreams/07 She's A Sensation.mp3
Feb 03 19:53 : update: added XFER/RAMONES - 28 ALBUMS/Ramones - Pleasant Dreams/08 7-11.mp3
Feb 03 19:53 : update: added XFER/RAMONES - 28 ALBUMS/Ramones - Pleasant Dreams/09 You Didn't Mean Anything To Me.mp3
Feb 03 19:53 : update: added XFER/RAMONES - 28 ALBUMS/Ramones - Pleasant Dreams/10 Come On Now.mp3
Feb 03 19:53 : update: added XFER/RAMONES - 28 ALBUMS/Ramones - Pleasant Dreams/11 This Business Is Killing Me.mp3
Feb 03 19:53 : update: added XFER/RAMONES - 28 ALBUMS/Ramones - Pleasant Dreams/12 Sitting In My Room.mp3
Feb 03 19:53 : update: added XFER/RAMONES - 28 ALBUMS/Ramones - Raising Hell/01-Track-01.mp3
Feb 03 19:53 : update: added XFER/RAMONES - 28 ALBUMS/Ramones - Raising Hell/02-Track-02.mp3
Feb 03 19:53 : update: added XFER/RAMONES - 28 ALBUMS/Ramones - Raising Hell/03-Track-03.mp3
Feb 03 19:53 : update: added XFER/RAMONES - 28 ALBUMS/Ramones - Raising Hell/04-Track-04.mp3
Feb 03 19:53 : update: added XFER/RAMONES - 28 ALBUMS/Ramones - Raising Hell/05-Track-05.mp3
Feb 03 19:53 : update: added XFER/RAMONES - 28 ALBUMS/Ramones - Raising Hell/06-Track-06.mp3
Feb 03 19:53 : update: added XFER/RAMONES - 28 ALBUMS/Ramones - Raising Hell/07-Track-07.mp3
Feb 03 19:53 : update: added XFER/RAMONES - 28 ALBUMS/Ramones - Raising Hell/08-Track-08.mp3
Feb 03 19:53 : update: added XFER/RAMONES - 28 ALBUMS/Ramones - Raising Hell/09-Track-09.mp3
Feb 03 19:53 : update: added XFER/RAMONES - 28 ALBUMS/Ramones - Raising Hell/10-Track-10.mp3
Feb 03 19:53 : update: added XFER/RAMONES - 28 ALBUMS/Ramones - Raising Hell/11-Track-11.mp3
Feb 03 19:53 : update: added XFER/RAMONES - 28 ALBUMS/Ramones - Raising Hell/12-Track-12.mp3
Feb 03 19:53 : update: added XFER/RAMONES - 28 ALBUMS/Ramones - Raising Hell/13-Track-13.mp3
Feb 03 19:53 : update: added XFER/RAMONES - 28 ALBUMS/Ramones - Raising Hell/14-Track-14.mp3
Feb 03 19:53 : update: added XFER/RAMONES - 28 ALBUMS/Ramones - Raising Hell/15-Track-15.mp3
Feb 03 19:53 : update: added XFER/RAMONES - 28 ALBUMS/Ramones - Raising Hell/16-Track-16.mp3
Feb 03 19:53 : update: added XFER/RAMONES - 28 ALBUMS/Ramones - Raising Hell/17-Track-17.mp3
Feb 03 19:53 : update: added XFER/RAMONES - 28 ALBUMS/Ramones - Raising Hell/18-Track-18.mp3
Feb 03 19:53 : update: added XFER/RAMONES - 28 ALBUMS/Ramones - Raising Hell/19-Track-19.mp3
Feb 03 19:53 : update: added XFER/RAMONES - 28 ALBUMS/Ramones - Raising Hell/20-Track-20.mp3
Feb 03 19:53 : update: added XFER/RAMONES - 28 ALBUMS/Ramones - Raising Hell/21-Track-21.mp3
Feb 03 19:53 : update: added XFER/RAMONES - 28 ALBUMS/Ramones - Raising Hell/22-Track-22.mp3
Feb 03 19:53 : update: added XFER/RAMONES - 28 ALBUMS/Ramones - Raising Hell/23-Track-23.mp3
Feb 03 19:53 : update: added XFER/RAMONES - 28 ALBUMS/Ramones - Raising Hell/24-Track-24.mp3
Feb 03 19:53 : update: added XFER/RAMONES - 28 ALBUMS/Ramones - Raising Hell/25-Track-25.mp3
Feb 03 19:53 : update: added XFER/RAMONES - 28 ALBUMS/Ramones - Raising Hell/26-Track-26.mp3
Feb 03 19:53 : update: added XFER/RAMONES - 28 ALBUMS/Ramones - Raising Hell/27-Track-27.mp3
Feb 03 19:53 : update: added XFER/RAMONES - 28 ALBUMS/Ramones - Raising Hell/28-Track-28.mp3
Feb 03 19:53 : update: added XFER/RAMONES - 28 ALBUMS/Ramones - Raising Hell/29-Track-29.mp3
Feb 03 19:53 : update: added XFER/RAMONES - 28 ALBUMS/Ramones - Raising Hell/30-Track-30.mp3
Feb 03 19:53 : update: added XFER/RAMONES - 28 ALBUMS/Ramones - Ramones (Expanded)/01 Blitzkrieg Bop.mp3
Feb 03 19:53 : update: added XFER/RAMONES - 28 ALBUMS/Ramones - Ramones (Expanded)/02 Beat On The Brat.mp3
Feb 03 19:53 : update: added XFER/RAMONES - 28 ALBUMS/Ramones - Ramones (Expanded)/03 Judy Is A Punk.mp3
Feb 03 19:53 : update: added XFER/RAMONES - 28 ALBUMS/Ramones - Ramones (Expanded)/04 I Wanna Be Your Boyfriend.mp3
Feb 03 19:53 : update: added XFER/RAMONES - 28 ALBUMS/Ramones - Ramones (Expanded)/05 Chain Saw.mp3
Feb 03 19:53 : update: added XFER/RAMONES - 28 ALBUMS/Ramones - Ramones (Expanded)/06 Now I Wanna Sniff Some Glue.mp3
Feb 03 19:53 : update: added XFER/RAMONES - 28 ALBUMS/Ramones - Ramones (Expanded)/07 I Don't Wanna Go Down To The Basement.mp3
Feb 03 19:53 : update: added XFER/RAMONES - 28 ALBUMS/Ramones - Ramones (Expanded)/08 Loudmouth.mp3
Feb 03 19:53 : update: added XFER/RAMONES - 28 ALBUMS/Ramones - Ramones (Expanded)/09 Havana Affair.mp3
Feb 03 19:53 : update: added XFER/RAMONES - 28 ALBUMS/Ramones - Ramones (Expanded)/10 Listen To My Heart.mp3
Feb 03 19:53 : update: added XFER/RAMONES - 28 ALBUMS/Ramones - Ramones (Expanded)/11 53rd & 3rd.mp3
Feb 03 19:53 : update: added XFER/RAMONES - 28 ALBUMS/Ramones - Ramones (Expanded)/12 Let's Dance.mp3
Feb 03 19:53 : update: added XFER/RAMONES - 28 ALBUMS/Ramones - Ramones (Expanded)/13 I Don't Wanna Walk Around With You.mp3
Feb 03 19:53 : update: added XFER/RAMONES - 28 ALBUMS/Ramones - Ramones (Expanded)/14 Today Your Love, Tomorrow The World.mp3
Feb 03 19:53 : update: added XFER/RAMONES - 28 ALBUMS/Ramones - Ramones (Expanded)/15 I Wanna Be Your Boyfriend (Demo).mp3
Feb 03 19:53 : update: added XFER/RAMONES - 28 ALBUMS/Ramones - Ramones (Expanded)/16 Judy Is A Punk (Demo).mp3
Feb 03 19:53 : update: added XFER/RAMONES - 28 ALBUMS/Ramones - Ramones (Expanded)/17 I Don't Care (Demo).mp3
Feb 03 19:53 : update: added XFER/RAMONES - 28 ALBUMS/Ramones - Ramones (Expanded)/18 I Can't Be (Demo).mp3
Feb 03 19:53 : update: added XFER/RAMONES - 28 ALBUMS/Ramones - Ramones (Expanded)/19 Now I Wanna Sniff Some Glue (Demo).mp3
Feb 03 19:53 : update: added XFER/RAMONES - 28 ALBUMS/Ramones - Ramones (Expanded)/20 I Don't Wanna Be Tamed (Demo).mp3
Feb 03 19:53 : update: added XFER/RAMONES - 28 ALBUMS/Ramones - Ramones (Expanded)/21 You Should Never Have Opened That Door (Demo).mp3
Feb 03 19:53 : update: added XFER/RAMONES - 28 ALBUMS/Ramones - Ramones (Expanded)/22 Blitzkrieg Bop (Single Version).mp3
Feb 03 19:53 : update: added XFER/RAMONES - 28 ALBUMS/Ramones - Road To Ruin/01 I Just Want To Have Something To Do.mp3
Feb 03 19:53 : update: added XFER/RAMONES - 28 ALBUMS/Ramones - Road To Ruin/02 I Wanted Everything.mp3
Feb 03 19:53 : update: added XFER/RAMONES - 28 ALBUMS/Ramones - Road To Ruin/03 Don't Come Close.mp3
Feb 03 19:53 : update: added XFER/RAMONES - 28 ALBUMS/Ramones - Road To Ruin/04 I Don't Want You.mp3
Feb 03 19:53 : update: added XFER/RAMONES - 28 ALBUMS/Ramones - Road To Ruin/05 Needles & Pins (Bono_Nitzche).mp3
Feb 03 19:53 : update: added XFER/RAMONES - 28 ALBUMS/Ramones - Road To Ruin/06 I'm Against It.mp3
Feb 03 19:53 : update: added XFER/RAMONES - 28 ALBUMS/Ramones - Road To Ruin/07 I Wanna Be Sedated.mp3
Feb 03 19:53 : update: added XFER/RAMONES - 28 ALBUMS/Ramones - Road To Ruin/08 Go Mental.mp3
Feb 03 19:53 : update: added XFER/RAMONES - 28 ALBUMS/Ramones - Road To Ruin/09 Questioningly.mp3
Feb 03 19:53 : update: added XFER/RAMONES - 28 ALBUMS/Ramones - Road To Ruin/10 She's The One.mp3
Feb 03 19:53 : update: added XFER/RAMONES - 28 ALBUMS/Ramones - Road To Ruin/11 Bad Brain.mp3
Feb 03 19:53 : update: added XFER/RAMONES - 28 ALBUMS/Ramones - Road To Ruin/12 It's A Long Way Back.mp3
Feb 03 19:53 : update: added XFER/RAMONES - 28 ALBUMS/Ramones - Rocket to Russia/01 Cretin Hop.mp3
Feb 03 19:53 : update: added XFER/RAMONES - 28 ALBUMS/Ramones - Rocket to Russia/02 Rockaway Beach.mp3
Feb 03 19:53 : update: added XFER/RAMONES - 28 ALBUMS/Ramones - Rocket to Russia/03 Here Today , Gone Tomorrow.mp3
Feb 03 19:53 : update: added XFER/RAMONES - 28 ALBUMS/Ramones - Rocket to Russia/04 Locket Love.mp3
Feb 03 19:53 : update: added XFER/RAMONES - 28 ALBUMS/Ramones - Rocket to Russia/05 I Dont Care.mp3
Feb 03 19:53 : update: added XFER/RAMONES - 28 ALBUMS/Ramones - Rocket to Russia/06 Sheena Is a Punk Rocker.mp3
Feb 03 19:53 : update: added XFER/RAMONES - 28 ALBUMS/Ramones - Rocket to Russia/07 We're a Happy Family.mp3
Feb 03 19:53 : update: added XFER/RAMONES - 28 ALBUMS/Ramones - Rocket to Russia/08 Teenage Lobotomy.mp3
Feb 03 19:53 : update: added XFER/RAMONES - 28 ALBUMS/Ramones - Rocket to Russia/09 Do You Wanna Dance_.mp3
Feb 03 19:53 : update: added XFER/RAMONES - 28 ALBUMS/Ramones - Rocket to Russia/10 I Wanna Be Well.mp3
Feb 03 19:53 : update: added XFER/RAMONES - 28 ALBUMS/Ramones - Rocket to Russia/11 I Can't give you Anything.mp3
Feb 03 19:53 : update: added XFER/RAMONES - 28 ALBUMS/Ramones - Rocket to Russia/12 Ramona.mp3
Feb 03 19:53 : update: added XFER/RAMONES - 28 ALBUMS/Ramones - Rocket to Russia/13 Surfin' Bird.mp3
Feb 03 19:53 : update: added XFER/RAMONES - 28 ALBUMS/Ramones - Rocket to Russia/14 Why Is It Always This Way_.mp3
Feb 03 19:53 : update: added XFER/RAMONES - 28 ALBUMS/Ramones - Subterranean Jungle/01 Little Bit O' Soul.mp3
Feb 03 19:53 : update: added XFER/RAMONES - 28 ALBUMS/Ramones - Subterranean Jungle/02 I Need Your Love.mp3
Feb 03 19:53 : update: added XFER/RAMONES - 28 ALBUMS/Ramones - Subterranean Jungle/03 Outsider.mp3
Feb 03 19:53 : update: added XFER/RAMONES - 28 ALBUMS/Ramones - Subterranean Jungle/04 What'd Ya Do_.mp3
Feb 03 19:53 : update: added XFER/RAMONES - 28 ALBUMS/Ramones - Subterranean Jungle/05 Highest Trails Above.mp3
Feb 03 19:53 : update: added XFER/RAMONES - 28 ALBUMS/Ramones - Subterranean Jungle/06 Somebody Like Me.mp3
Feb 03 19:53 : update: added XFER/RAMONES - 28 ALBUMS/Ramones - Subterranean Jungle/07 Psycho Therapy.mp3
Feb 03 19:53 : update: added XFER/RAMONES - 28 ALBUMS/Ramones - Subterranean Jungle/08 Time Has Come Today.mp3
Feb 03 19:53 : update: added XFER/RAMONES - 28 ALBUMS/Ramones - Subterranean Jungle/09 My-my Kind Of A Girl.mp3
Feb 03 19:53 : update: added XFER/RAMONES - 28 ALBUMS/Ramones - Subterranean Jungle/10 In The Park.mp3
Feb 03 19:53 : update: added XFER/RAMONES - 28 ALBUMS/Ramones - Subterranean Jungle/11 Time Bomb.mp3
Feb 03 19:53 : update: added XFER/RAMONES - 28 ALBUMS/Ramones - Subterranean Jungle/12 Everytime I Eat Vegetables It Makes Me Think Of You.mp3
Feb 03 19:53 : update: added XFER/RAMONES - 28 ALBUMS/Ramones - Summer of 89/01-Durango 95, Blitzkrieg Bop.mp3
Feb 03 19:53 : update: added XFER/RAMONES - 28 ALBUMS/Ramones - Summer of 89/02-Teenage Lobotomy.mp3
Feb 03 19:53 : update: added XFER/RAMONES - 28 ALBUMS/Ramones - Summer of 89/03-Psychotherapy.mp3
Feb 03 19:53 : update: added XFER/RAMONES - 28 ALBUMS/Ramones - Summer of 89/04-Do You Remember Rock 'n Roll Radio.mp3
Feb 03 19:53 : update: added XFER/RAMONES - 28 ALBUMS/Ramones - Summer of 89/05-I Believe In Miracles.mp3
Feb 03 19:53 : update: added XFER/RAMONES - 28 ALBUMS/Ramones - Summer of 89/06-Gimme Gimme Shock Treatment, Rock 'n Roll High School, I Wanna Be Sedated.mp3
Feb 03 19:53 : update: added XFER/RAMONES - 28 ALBUMS/Ramones - Summer of 89/07-Beat On the Brat.mp3
Feb 03 19:53 : update: added XFER/RAMONES - 28 ALBUMS/Ramones - Summer of 89/08-Chinese Rock.mp3
Feb 03 19:53 : update: added XFER/RAMONES - 28 ALBUMS/Ramones - Summer of 89/09-Bonzo Goes To Bitburg.mp3
Feb 03 19:53 : update: added XFER/RAMONES - 28 ALBUMS/Ramones - Summer of 89/10-Go Mental.mp3
Feb 03 19:53 : update: added XFER/RAMONES - 28 ALBUMS/Ramones - Summer of 89/11-Sheena Is A Punk Rocker, Rockaway Beach.mp3
Feb 03 19:53 : update: added XFER/RAMONES - 28 ALBUMS/Ramones - Summer of 89/12-Pet Sematary.mp3
Feb 03 19:53 : update: added XFER/RAMONES - 28 ALBUMS/Ramones - Summer of 89/13-Don't Bust My Chops.mp3
Feb 03 19:53 : update: added XFER/RAMONES - 28 ALBUMS/Ramones - Summer of 89/14-She's the One.mp3
Feb 03 19:53 : update: added XFER/RAMONES - 28 ALBUMS/Ramones - Summer of 89/15-Mama's Boy, Animal Boy.mp3
Feb 03 19:53 : update: added XFER/RAMONES - 28 ALBUMS/Ramones - Summer of 89/16-Wart Hog.mp3
Feb 03 19:53 : update: added XFER/RAMONES - 28 ALBUMS/Ramones - Summer of 89/17-Surfin' Bird, Cretin Hop.mp3
Feb 03 19:53 : update: added XFER/RAMONES - 28 ALBUMS/Ramones - Summer of 89/18-I Don't Wanna Walk Around With You, Today Your Love,Tomorrow the World.mp3
Feb 03 19:53 : update: added XFER/RAMONES - 28 ALBUMS/Ramones - Summer of 89/19-Pinhead.mp3
Feb 03 19:53 : update: added XFER/RAMONES - 28 ALBUMS/Ramones - Summer of 89/20-I Wanna Live.mp3
Feb 03 19:53 : update: added XFER/RAMONES - 28 ALBUMS/Ramones - Summer of 89/21-Somebody Put Something In My Drink, Let's Dance.mp3
Feb 03 19:53 : update: added XFER/RAMONES - 28 ALBUMS/Ramones - Summer of 89/22-Do You Wanna Dance.mp3
Feb 03 19:53 : update: added XFER/RAMONES - 28 ALBUMS/Ramones - Summer of 89/23-Palisades Park, We're A Happy Family.mp3
Feb 03 19:53 : update: added XFER/RAMONES - 28 ALBUMS/Ramones - The Chinese Wall/01-Do You Remember Rock 'N' Roll Radio.mp3
Feb 03 19:53 : update: added XFER/RAMONES - 28 ALBUMS/Ramones - The Chinese Wall/02-Blitzkrieg Bop.mp3
Feb 03 19:53 : update: added XFER/RAMONES - 28 ALBUMS/Ramones - The Chinese Wall/03-This Business Is Killing Me.mp3
Feb 03 19:53 : update: added XFER/RAMONES - 28 ALBUMS/Ramones - The Chinese Wall/04-All's Quiet At The Eastern Front.mp3
Feb 03 19:53 : update: added XFER/RAMONES - 28 ALBUMS/Ramones - The Chinese Wall/05-Gimme, Gimme Shock Treatment.mp3
Feb 03 19:53 : update: added XFER/RAMONES - 28 ALBUMS/Ramones - The Chinese Wall/06-Rock 'N' Roll High School.mp3
Feb 03 19:53 : update: added XFER/RAMONES - 28 ALBUMS/Ramones - The Chinese Wall/07-I Wanna Be Sedated.mp3
Feb 03 19:53 : update: added XFER/RAMONES - 28 ALBUMS/Ramones - The Chinese Wall/08-Beat On The Brat.mp3
Feb 03 19:53 : update: added XFER/RAMONES - 28 ALBUMS/Ramones - The Chinese Wall/09-The KKK Took My Baby Away.mp3
Feb 03 19:53 : update: added XFER/RAMONES - 28 ALBUMS/Ramones - The Chinese Wall/10-Commando.mp3
Feb 03 19:53 : update: added XFER/RAMONES - 28 ALBUMS/Ramones - The Chinese Wall/11-Come On Now.mp3
Feb 03 19:53 : update: added XFER/RAMONES - 28 ALBUMS/Ramones - The Chinese Wall/12-Suzy Is A Headbanger.mp3
Feb 03 19:53 : update: added XFER/RAMONES - 28 ALBUMS/Ramones - The Chinese Wall/13-Let's Dance.mp3
Feb 03 19:53 : update: added XFER/RAMONES - 28 ALBUMS/Ramones - The Chinese Wall/14-Needles & Pins.mp3
Feb 03 19:53 : update: added XFER/RAMONES - 28 ALBUMS/Ramones - The Chinese Wall/15-I'm Affected.mp3
Feb 03 19:53 : update: added XFER/RAMONES - 28 ALBUMS/Ramones - The Chinese Wall/16-Chinese Rocks.mp3
Feb 03 19:53 : update: added XFER/RAMONES - 28 ALBUMS/Ramones - The Chinese Wall/17-Rockaway Beach.mp3
Feb 03 19:53 : update: added XFER/RAMONES - 28 ALBUMS/Ramones - The Chinese Wall/18-Teenage Lobotomy.mp3
Feb 03 19:53 : update: added XFER/RAMONES - 28 ALBUMS/Ramones - The Chinese Wall/19-Surfing Bird.mp3
Feb 03 19:53 : update: added XFER/RAMONES - 28 ALBUMS/Ramones - Too Tough To Die/01 Mama's Boy.mp3
Feb 03 19:53 : update: added XFER/RAMONES - 28 ALBUMS/Ramones - Too Tough To Die/02 I'm Not Afraid Of Live.mp3
Feb 03 19:53 : update: added XFER/RAMONES - 28 ALBUMS/Ramones - Too Tough To Die/03 Too Tough To Die.mp3
Feb 03 19:53 : update: added XFER/RAMONES - 28 ALBUMS/Ramones - Too Tough To Die/04 Durango 95.mp3
Feb 03 19:53 : update: added XFER/RAMONES - 28 ALBUMS/Ramones - Too Tough To Die/05 Wart Hog.mp3
Feb 03 19:53 : update: added XFER/RAMONES - 28 ALBUMS/Ramones - Too Tough To Die/06 Danger Zone.mp3
Feb 03 19:53 : update: added XFER/RAMONES - 28 ALBUMS/Ramones - Too Tough To Die/07 Chasing The Night.mp3
Feb 03 19:53 : update: added XFER/RAMONES - 28 ALBUMS/Ramones - Too Tough To Die/08 Howling At The Moon (Sha-la-la).mp3
Feb 03 19:53 : update: added XFER/RAMONES - 28 ALBUMS/Ramones - Too Tough To Die/09 Daytime Dilemma (Dangers Of Love).mp3
Feb 03 19:53 : update: added XFER/RAMONES - 28 ALBUMS/Ramones - Too Tough To Die/10 Planet Earth 1988.mp3
Feb 03 19:53 : update: added XFER/RAMONES - 28 ALBUMS/Ramones - Too Tough To Die/11 Human Kind.mp3
Feb 03 19:53 : update: added XFER/RAMONES - 28 ALBUMS/Ramones - Too Tough To Die/12 Endless Vacation.mp3
Feb 03 19:53 : update: added XFER/RAMONES - 28 ALBUMS/Ramones - Too Tough To Die/13 No Go.mp3
Feb 03 19:53 : update: added XFER/RAMONES - 28 ALBUMS/Ramones - We're outta here!/01 Durango 95.mp3
Feb 03 19:53 : update: added XFER/RAMONES - 28 ALBUMS/Ramones - We're outta here!/02 Teenage Lobotomy.mp3
Feb 03 19:53 : update: added XFER/RAMONES - 28 ALBUMS/Ramones - We're outta here!/03 Psycho Therapy.mp3
Feb 03 19:53 : update: added XFER/RAMONES - 28 ALBUMS/Ramones - We're outta here!/04 Blitzkrieg Bop.mp3
Feb 03 19:53 : update: added XFER/RAMONES - 28 ALBUMS/Ramones - We're outta here!/05 Do You Remember Rock And Roll Radio.mp3
Feb 03 19:53 : update: added XFER/RAMONES - 28 ALBUMS/Ramones - We're outta here!/06 I Believe In Miracles.mp3
Feb 03 19:53 : update: added XFER/RAMONES - 28 ALBUMS/Ramones - We're outta here!/07 Gimme Gimme Shock Treatment.mp3
Feb 03 19:53 : update: added XFER/RAMONES - 28 ALBUMS/Ramones - We're outta here!/08 Rock 'n' Roll High School.mp3
Feb 03 19:53 : update: added XFER/RAMONES - 28 ALBUMS/Ramones - We're outta here!/09 I Wanna Be Sedated.mp3
Feb 03 19:53 : update: added XFER/RAMONES - 28 ALBUMS/Ramones - We're outta here!/10 Spider-Man.mp3
Feb 03 19:53 : update: added XFER/RAMONES - 28 ALBUMS/Ramones - We're outta here!/11 The K.K.K. Took My Baby Away.mp3
Feb 03 19:53 : update: added XFER/RAMONES - 28 ALBUMS/Ramones - We're outta here!/12 I Just Want To Have Something To Do.mp3
Feb 03 19:53 : update: added XFER/RAMONES - 28 ALBUMS/Ramones - We're outta here!/13 Commando.mp3
Feb 03 19:53 : update: added XFER/RAMONES - 28 ALBUMS/Ramones - We're outta here!/14 Sheena Is A Punkrocker.mp3
Feb 03 19:53 : update: added XFER/RAMONES - 28 ALBUMS/Ramones - We're outta here!/15 Rockaway Beach.mp3
Feb 03 19:53 : update: added XFER/RAMONES - 28 ALBUMS/Ramones - We're outta here!/16 Pet Sematary.mp3
Feb 03 19:53 : update: added XFER/RAMONES - 28 ALBUMS/Ramones - We're outta here!/17 The Crusher.mp3
Feb 03 19:53 : update: added XFER/RAMONES - 28 ALBUMS/Ramones - We're outta here!/18 Love Kills.mp3
Feb 03 19:53 : update: added XFER/RAMONES - 28 ALBUMS/Ramones - We're outta here!/19 Do You Wanna Dance.mp3
Feb 03 19:53 : update: added XFER/RAMONES - 28 ALBUMS/Ramones - We're outta here!/20 Someone Put Something In My Drink.mp3
Feb 03 19:53 : update: added XFER/RAMONES - 28 ALBUMS/Ramones - We're outta here!/21 I Don't Want You.mp3
Feb 03 19:53 : update: added XFER/RAMONES - 28 ALBUMS/Ramones - We're outta here!/22 Wart Hog.mp3
Feb 03 19:53 : update: added XFER/RAMONES - 28 ALBUMS/Ramones - We're outta here!/23 Cretin Hop.mp3
Feb 03 19:53 : update: added XFER/RAMONES - 28 ALBUMS/Ramones - We're outta here!/24 R.A.M.O.N.E.S..mp3
Feb 03 19:53 : update: added XFER/RAMONES - 28 ALBUMS/Ramones - We're outta here!/25 Today Your Love, Tomorrow The World.mp3
Feb 03 19:53 : update: added XFER/RAMONES - 28 ALBUMS/Ramones - We're outta here!/26 Pinhead.mp3
Feb 03 19:53 : update: added XFER/RAMONES - 28 ALBUMS/Ramones - We're outta here!/27 53RD & 3RD.mp3
Feb 03 19:53 : update: added XFER/RAMONES - 28 ALBUMS/Ramones - We're outta here!/28 Listen To Your Heart.mp3
Feb 03 19:53 : update: added XFER/RAMONES - 28 ALBUMS/Ramones - We're outta here!/29 We're A Happy Family.mp3
Feb 03 19:53 : update: added XFER/RAMONES - 28 ALBUMS/Ramones - We're outta here!/30 Chinese Rock.mp3
Feb 03 19:53 : update: added XFER/RAMONES - 28 ALBUMS/Ramones - We're outta here!/31 Beat On The Brat.mp3
Feb 03 19:53 : update: added XFER/RAMONES - 28 ALBUMS/Ramones - We're outta here!/32 Any Way You Want It.mp3
Feb 03 19:53 : update: added XFER/RAMONES - 28 ALBUMS/Ramones - Weaselface/01-Rock Away Beach.mp3
Feb 03 19:53 : update: added XFER/RAMONES - 28 ALBUMS/Ramones - Weaselface/02-Commando.mp3
Feb 03 19:53 : update: added XFER/RAMONES - 28 ALBUMS/Ramones - Weaselface/03-Here Today, Gone Tomorrow.mp3
Feb 03 19:53 : update: added XFER/RAMONES - 28 ALBUMS/Ramones - Weaselface/04-Surfin' Bird.mp3
Feb 03 19:53 : update: added XFER/RAMONES - 28 ALBUMS/Ramones - Weaselface/05-Cretin Hop.mp3
Feb 03 19:53 : update: added XFER/RAMONES - 28 ALBUMS/Ramones - Weaselface/06-Listen To My Heart.mp3
Feb 03 19:53 : update: added XFER/RAMONES - 28 ALBUMS/Ramones - Weaselface/07-California Sun.mp3
Feb 03 19:53 : update: added XFER/RAMONES - 28 ALBUMS/Ramones - Weaselface/08-I Don't Wanna Walk Around With You.mp3
Feb 03 19:53 : update: added XFER/RAMONES - 28 ALBUMS/Ramones - Weaselface/09-Pinhead.mp3
Feb 03 19:53 : update: added XFER/RAMONES - 28 ALBUMS/Ramones - Weaselface/10-Suzy Is A Headbanger.mp3
Feb 03 19:53 : update: added XFER/RAMONES - 28 ALBUMS/Ramones - Weaselface/11-Chainsaw.mp3
Feb 03 19:53 : update: added XFER/RAMONES - 28 ALBUMS/Ramones - Weaselface/12-Today Your Love, Tomorrow The World.mp3
Feb 03 19:53 : update: added XFER/RAMONES - 28 ALBUMS/Ramones - Weaselface/13-Psycho Therapy.mp3
Feb 03 19:53 : update: added XFER/RAMONES - 28 ALBUMS/Ramones - Weaselface/14-Blitzkrieg Bop.mp3
Feb 03 19:53 : update: added XFER/RAMONES - 28 ALBUMS/Ramones - Weaselface/15-Do You Remember Rock'n Roll.mp3
Feb 03 19:53 : update: added XFER/RAMONES - 28 ALBUMS/Ramones - Weaselface/16-I Can't Make It On Time.mp3
Feb 03 19:53 : update: added XFER/RAMONES - 28 ALBUMS/Ramones - Weaselface/17-Chinese Rock.mp3
Feb 03 19:53 : update: added XFER/RAMONES - 28 ALBUMS/Ramones - Weaselface/18-Weaselface.mp3
Feb 03 19:53 : update: added XFER/RAMONES - 28 ALBUMS/Ramones - Weaselface/19-Rockaway Beach.mp3
Feb 03 19:53 : update: added XFER/RAMONES - 28 ALBUMS/Ramones - Weaselface/20-Garden Of Serenity.mp3
Feb 03 19:53 : update: added XFER/RAMONES - 28 ALBUMS/Ramones - Weaselface/21-Today Your Love, Tomorrow The World.mp3
Feb 03 19:53 : update: added XFER/RAMONES - 28 ALBUMS/Ramones - Weaselface/22-Pinhead.mp3
Feb 03 19:53 : update: added XFER/RAMONES - 28 ALBUMS/Ramones - Weaselface/23-I Wanna Live.mp3
Feb 03 19:53 : update: added XFER/RAMONES - 28 ALBUMS/Ramones - Weaselface/24-Somebody Put Something In My Drink.mp3
Feb 03 19:53 : update: added XFER/RAMONES - 28 ALBUMS/Ramones - Weaselface/25-My Brain Is Hanging Upside Down.mp3
Feb 03 19:53 : update: added XFER/RAMONES - 28 ALBUMS/Ramones - Weaselface/26-I Don't Wanna Go.mp3
Feb 03 19:53 : update: added XFER/RAMONES - 28 ALBUMS/Ramones - Weaselface/27-Loud Mouth.mp3
Feb 03 19:53 : update: added XFER/RAMONES - 28 ALBUMS/Various - Rock 'n' Roll High School OST/01 Ramones - Rock 'n' Roll High School.mp3
Feb 03 19:53 : update: added XFER/RAMONES - 28 ALBUMS/Various - Rock 'n' Roll High School OST/02 Ramones - I Want You Around.mp3
Feb 03 19:53 : update: added XFER/RAMONES - 28 ALBUMS/Various - Rock 'n' Roll High School OST/03 The Paley Brothers_Ramones - Come On Let's Go.mp3
Feb 03 19:53 : update: added XFER/RAMONES - 28 ALBUMS/Various - Rock 'n' Roll High School OST/04 Ramones - Ramones Medley.mp3
Feb 03 19:53 : update: added XFER/RAMONES - 28 ALBUMS/Various - Rock 'n' Roll High School OST/05 Nick Lowe - So It Goes.mp3
Feb 03 19:53 : update: added XFER/RAMONES - 28 ALBUMS/Various - Rock 'n' Roll High School OST/06 Brian Eno - Energy Fools The Magician.mp3
Feb 03 19:53 : update: added XFER/RAMONES - 28 ALBUMS/Various - Rock 'n' Roll High School OST/07 P.J. Soles - Rock 'n' Roll High School.mp3
Feb 03 19:53 : update: added XFER/RAMONES - 28 ALBUMS/Various - Rock 'n' Roll High School OST/08 Devo - Come Back Jonee.mp3
Feb 03 19:53 : update: added XFER/RAMONES - 28 ALBUMS/Various - Rock 'n' Roll High School OST/09 Eddie And The Hot Rods - Teenage Depression.mp3
Feb 03 19:53 : update: added XFER/RAMONES - 28 ALBUMS/Various - Rock 'n' Roll High School OST/10 Brownsville Station - Smocking In The Boys Room.mp3
Feb 03 19:53 : update: added XFER/RAMONES - 28 ALBUMS/Various - Rock 'n' Roll High School OST/11 Chuck Berry - School Days.mp3
Feb 03 19:53 : update: added XFER/RAMONES - 28 ALBUMS/Various - Rock 'n' Roll High School OST/12 Todd Rundgren - A Dream Goes On Forever.mp3
Feb 03 19:53 : update: added XFER/RAMONES - 28 ALBUMS/Various - Rock 'n' Roll High School OST/13 Alice Cooper - School's Out.mp3
Feb 03 19:53 : update: added XFER/RAMONES - 28 ALBUMS/Various - The Song Ramones The Same (A Tribute to the Ramones)/01-Sahara Hotnights _ Rockaway Beach.mp3
Feb 03 19:53 : update: added XFER/RAMONES - 28 ALBUMS/Various - The Song Ramones The Same (A Tribute to the Ramones)/02-Cool Millions _ The KKK Took My Baby Away.mp3
Feb 03 19:53 : update: added XFER/RAMONES - 28 ALBUMS/Various - The Song Ramones The Same (A Tribute to the Ramones)/03-Sort Sol _ Blitzkrieg Bop.mp3
Feb 03 19:53 : update: added XFER/RAMONES - 28 ALBUMS/Various - The Song Ramones The Same (A Tribute to the Ramones)/04-The Nomads ft. Kissettes _ I Remember You.mp3
Feb 03 19:53 : update: added XFER/RAMONES - 28 ALBUMS/Various - The Song Ramones The Same (A Tribute to the Ramones)/05-D.A.D. _ Havanna Affair.mp3
Feb 03 19:53 : update: added XFER/RAMONES - 28 ALBUMS/Various - The Song Ramones The Same (A Tribute to the Ramones)/06-The Hellacopters _ What'd Ya Do_.mp3
Feb 03 19:53 : update: added XFER/RAMONES - 28 ALBUMS/Various - The Song Ramones The Same (A Tribute to the Ramones)/07-Per Gessle _ I Wanna Be Your Boyfriend.mp3
Feb 03 19:53 : update: added XFER/RAMONES - 28 ALBUMS/Various - The Song Ramones The Same (A Tribute to the Ramones)/08-Satirine _ Mama's Boy.mp3
Feb 03 19:53 : update: added XFER/RAMONES - 28 ALBUMS/Various - The Song Ramones The Same (A Tribute to the Ramones)/09-The Dictators _ I Just Wanna Have Something To Do.mp3
Feb 03 19:53 : update: added XFER/RAMONES - 28 ALBUMS/Various - The Song Ramones The Same (A Tribute to the Ramones)/10-Sator _ Mental Hell.mp3
Feb 03 19:53 : update: added XFER/RAMONES - 28 ALBUMS/Various - The Song Ramones The Same (A Tribute to the Ramones)/11-Whale _ Now I Wanna Sniff Some Glue.mp3
Feb 03 19:53 : update: added XFER/RAMONES - 28 ALBUMS/Various - The Song Ramones The Same (A Tribute to the Ramones)/12-Wolf _ I'm Not Afraid Of Life.mp3
Feb 03 19:53 : update: added XFER/RAMONES - 28 ALBUMS/Various - The Song Ramones The Same (A Tribute to the Ramones)/13-Wayne Kramer _ Bonzo Goes To Bitsburg.mp3
Feb 03 19:53 : update: added XFER/RAMONES - 28 ALBUMS/Various - The Song Ramones The Same (A Tribute to the Ramones)/14-Toilet boys _ Carbona Not Glue.mp3
Feb 03 19:53 : update: added XFER/RAMONES - 28 ALBUMS/Various - The Song Ramones The Same (A Tribute to the Ramones)/15-Maryslim _ I Believe In Miracles.mp3
Feb 03 19:53 : update: added XFER/RAMONES - 28 ALBUMS/Various - The Song Ramones The Same (A Tribute to the Ramones)/16-Wilmer X _ I Can't Make It On Time.mp3
Feb 03 19:53 : update: added XFER/RAMONES - 28 ALBUMS/Various - The Song Ramones The Same (A Tribute to the Ramones)/17-Danko Jones _ The Return Of Jackie And Judy.mp3
Feb 03 19:53 : update: added XFER/RAMONES - 28 ALBUMS/Various - The Song Ramones The Same (A Tribute to the Ramones)/18-Backyard Babies _ Pet Semetary.mp3
Feb 03 19:53 : update: added XFER/RAMONES - 28 ALBUMS/Various - The Song Ramones The Same (A Tribute to the Ramones)/19-Jesse Malin _ Questioningly.mp3
Feb 03 19:53 : update: added XFER/RAMONES - 28 ALBUMS/Various - We're A Happy Family (A Tribute to the Ramones)/01-Various_Artists_-_Red_Hot_Chili_Peppers_-_Havana_Affair.mp3
Feb 03 19:53 : update: added XFER/RAMONES - 28 ALBUMS/Various - We're A Happy Family (A Tribute to the Ramones)/02-Various_Artists_-_Rob_Zombie_-_Blitzkrieg_Bop.mp3
Feb 03 19:53 : update: added XFER/RAMONES - 28 ALBUMS/Various - We're A Happy Family (A Tribute to the Ramones)/03-Various_Artists_-_Eddie_Vedder_Zeke_-_I_Believe_In_Miracles.mp3
Feb 03 19:53 : update: added XFER/RAMONES - 28 ALBUMS/Various - We're A Happy Family (A Tribute to the Ramones)/04-Various_Artists_-_Metallica_-_53rd_&_3rd.mp3
Feb 03 19:53 : update: added XFER/RAMONES - 28 ALBUMS/Various - We're A Happy Family (A Tribute to the Ramones)/05-Various_Artists_-_U2_-_Beat_On_The_Brat.mp3
Feb 03 19:53 : update: added XFER/RAMONES - 28 ALBUMS/Various - We're A Happy Family (A Tribute to the Ramones)/06-Various_Artists_-_Kiss_-_Do_You_Remember_Rock_'N'_Roll_Radio.mp3
Feb 03 19:53 : update: added XFER/RAMONES - 28 ALBUMS/Various - We're A Happy Family (A Tribute to the Ramones)/07-Various_Artists_-_Marilyn_Manson_-_The_KKK_Took_My_Baby_Away.mp3
Feb 03 19:53 : update: added XFER/RAMONES - 28 ALBUMS/Various - We're A Happy Family (A Tribute to the Ramones)/08-Various_Artists_-_Garbage_-_I_Just_Wanna_Have_Something_To_Do.mp3
Feb 03 19:53 : update: added XFER/RAMONES - 28 ALBUMS/Various - We're A Happy Family (A Tribute to the Ramones)/09-Various_Artists_-_Green_Day_-_Outsider.mp3
Feb 03 19:53 : update: added XFER/RAMONES - 28 ALBUMS/Various - We're A Happy Family (A Tribute to the Ramones)/10-Various_Artists_-_The_Pretenders_-_Something_To_Believe_In.mp3
Feb 03 19:53 : update: added XFER/RAMONES - 28 ALBUMS/Various - We're A Happy Family (A Tribute to the Ramones)/11-Various_Artists_-_Rancid_-_Sheena_Is_A_Punk_Rocker.mp3
Feb 03 19:53 : update: added XFER/RAMONES - 28 ALBUMS/Various - We're A Happy Family (A Tribute to the Ramones)/12-Various_Artists_-_Pete_Yorn_-_I_Wanna_Be_Your_Boyfriend.mp3
Feb 03 19:53 : update: added XFER/RAMONES - 28 ALBUMS/Various - We're A Happy Family (A Tribute to the Ramones)/13-Various_Artists_-_The_Offspring_-_I_Wanna_Be_Sedated.mp3
Feb 03 19:53 : update: added XFER/RAMONES - 28 ALBUMS/Various - We're A Happy Family (A Tribute to the Ramones)/14-Various_Artists_-_Rooney_-_Here_Today,_Gone_Tomorrow.mp3
Feb 03 19:53 : update: added XFER/RAMONES - 28 ALBUMS/Various - We're A Happy Family (A Tribute to the Ramones)/15-Various_Artists_-_Tom_Waits_-_Return_Of_Jackie_&_Judy.mp3
Feb 03 19:53 : update: added XFER/RAMONES - 28 ALBUMS/Various - We're A Happy Family (A Tribute to the Ramones)/16-Various_Artists_-_Eddie_Vedder,_Zeke_-_Daytime_Dilemma(Dangers_Of_Love).mp3
Feb 03 19:53 : update: added XFER/Stiff Little Fingers - All The Best (2 CDs)/Stiff_Little_Fingers_-_All_The_Best_Disc_1_-_01_-_Suspect_Device.mp3
Feb 03 19:53 : update: added XFER/Stiff Little Fingers - All The Best (2 CDs)/Stiff_Little_Fingers_-_All_The_Best_Disc_1_-_02_-_Wasted_Life.mp3
Feb 03 19:53 : update: added XFER/Stiff Little Fingers - All The Best (2 CDs)/Stiff_Little_Fingers_-_All_The_Best_Disc_1_-_03_-_Alternative_Ulster.mp3
Feb 03 19:53 : update: added XFER/Stiff Little Fingers - All The Best (2 CDs)/Stiff_Little_Fingers_-_All_The_Best_Disc_1_-_04_-_78_RPM.mp3
Feb 03 19:53 : update: added XFER/Stiff Little Fingers - All The Best (2 CDs)/Stiff_Little_Fingers_-_All_The_Best_Disc_1_-_05_-_Gotta_Gettaway.mp3
Feb 03 19:53 : update: added XFER/Stiff Little Fingers - All The Best (2 CDs)/Stiff_Little_Fingers_-_All_The_Best_Disc_1_-_06_-_Bloody_Sunday.mp3
Feb 03 19:53 : update: added XFER/Stiff Little Fingers - All The Best (2 CDs)/Stiff_Little_Fingers_-_All_The_Best_Disc_1_-_07_-_Straw_Dogs.mp3
Feb 03 19:53 : update: added XFER/Stiff Little Fingers - All The Best (2 CDs)/Stiff_Little_Fingers_-_All_The_Best_Disc_1_-_08_-_You_Can't_Say_Crap_On_The_Radio.mp3
Feb 03 19:53 : update: added XFER/Stiff Little Fingers - All The Best (2 CDs)/Stiff_Little_Fingers_-_All_The_Best_Disc_1_-_09_-_At_The_Edge.mp3
Feb 03 19:53 : update: added XFER/Stiff Little Fingers - All The Best (2 CDs)/Stiff_Little_Fingers_-_All_The_Best_Disc_1_-_10_-_Rinning_Bear_(Live).mp3
Feb 03 19:53 : update: added XFER/Stiff Little Fingers - All The Best (2 CDs)/Stiff_Little_Fingers_-_All_The_Best_Disc_1_-_11_-_White_Christmas_(Live).mp3
Feb 03 19:53 : update: added XFER/Stiff Little Fingers - All The Best (2 CDs)/Stiff_Little_Fingers_-_All_The_Best_Disc_1_-_12_-_Nobody's_Hero.mp3
Feb 03 19:53 : update: added XFER/Stiff Little Fingers - All The Best (2 CDs)/Stiff_Little_Fingers_-_All_The_Best_Disc_1_-_13_-_Tin_Soldier.mp3
Feb 03 19:53 : update: added XFER/Stiff Little Fingers - All The Best (2 CDs)/Stiff_Little_Fingers_-_All_The_Best_Disc_1_-_14_-_Back_To_Front.mp3
Feb 03 19:53 : update: added XFER/Stiff Little Fingers - All The Best (2 CDs)/Stiff_Little_Fingers_-_All_The_Best_Disc_1_-_15_-_Mr._Fire_Coal_Man.mp3
Feb 03 19:53 : update: added XFER/Stiff Little Fingers - All The Best (2 CDs)/Stiff_Little_Fingers_-_All_The_Best_Disc_2_-_01_-_Just_Fade_Away.mp3
Feb 03 19:53 : update: added XFER/Stiff Little Fingers - All The Best (2 CDs)/Stiff_Little_Fingers_-_All_The_Best_Disc_2_-_02_-_Go_For_It.mp3
Feb 03 19:53 : update: added XFER/Stiff Little Fingers - All The Best (2 CDs)/Stiff_Little_Fingers_-_All_The_Best_Disc_2_-_03_-_Doesn't_Make_It_All_Right_(Live).mp3
Feb 03 19:53 : update: added XFER/Stiff Little Fingers - All The Best (2 CDs)/Stiff_Little_Fingers_-_All_The_Best_Disc_2_-_04_-_Silver_Lining.mp3
Feb 03 19:53 : update: added XFER/Stiff Little Fingers - All The Best (2 CDs)/Stiff_Little_Fingers_-_All_The_Best_Disc_2_-_05_-_Safe_As_Houses.mp3
Feb 03 19:53 : update: added XFER/Stiff Little Fingers - All The Best (2 CDs)/Stiff_Little_Fingers_-_All_The_Best_Disc_2_-_06_-_Sad_-_Eyed_People.mp3
Feb 03 19:53 : update: added XFER/Stiff Little Fingers - All The Best (2 CDs)/Stiff_Little_Fingers_-_All_The_Best_Disc_2_-_07_-_Two_Guitars_Clash.mp3
Feb 03 19:53 : update: added XFER/Stiff Little Fingers - All The Best (2 CDs)/Stiff_Little_Fingers_-_All_The_Best_Disc_2_-_08_-_Listen.mp3
Feb 03 19:53 : update: added XFER/Stiff Little Fingers - All The Best (2 CDs)/Stiff_Little_Fingers_-_All_The_Best_Disc_2_-_09_-_That's_When_Your_Blood_Bumps.mp3
Feb 03 19:53 : update: added XFER/Stiff Little Fingers - All The Best (2 CDs)/Stiff_Little_Fingers_-_All_The_Best_Disc_2_-_10_-_Good_For_Nothing.mp3
Feb 03 19:53 : update: added XFER/Stiff Little Fingers - All The Best (2 CDs)/Stiff_Little_Fingers_-_All_The_Best_Disc_2_-_11_-_Talkback.mp3
Feb 03 19:53 : update: added XFER/Stiff Little Fingers - All The Best (2 CDs)/Stiff_Little_Fingers_-_All_The_Best_Disc_2_-_12_-_Stands_To_Reason.mp3
Feb 03 19:53 : update: added XFER/Stiff Little Fingers - All The Best (2 CDs)/Stiff_Little_Fingers_-_All_The_Best_Disc_2_-_13_-_Bits_Of_Kids.mp3
Feb 03 19:53 : update: added XFER/Stiff Little Fingers - All The Best (2 CDs)/Stiff_Little_Fingers_-_All_The_Best_Disc_2_-_14_-_Touch_And_Go.mp3
Feb 03 19:53 : update: added XFER/Stiff Little Fingers - All The Best (2 CDs)/Stiff_Little_Fingers_-_All_The_Best_Disc_2_-_15_-_The_Price_Of_Admission.mp3
Feb 03 19:53 : update: added XFER/Tchaikovsky/Tchaikovsky - Concerto for Piano and Orchestra No 1.mp3
Feb 03 19:53 : update: added XFER/Tchaikovsky/Tchaikovsky - Dance of the Reed Flutes.mp3
Feb 03 19:53 : update: added XFER/Tchaikovsky/Tchaikovsky - Marche Slave.mp3
Feb 03 19:53 : update: added XFER/Tchaikovsky/Tchaikovsky - Serenade for String Orchestra.mp3
Feb 03 19:53 : update: added XFER/Tchaikovsky/Tchaikovsky - Sleeping Beauty - The Lilly Fairy.mp3
Feb 03 19:53 : update: added XFER/Tchaikovsky/Tchaikovsky - Swan Lake No. 10.mp3
Feb 03 19:53 : update: added XFER/Tchaikovsky/Tchaikovsky - Symphony No 6 Pathetique - Finale.mp3
